mode: set
netguard-pg-backend/internal/infrastructure/repositories/pg/internal/utils/shared.go:18.85,19.37 1 0
netguard-pg-backend/internal/infrastructure/repositories/pg/internal/utils/shared.go:19.37,21.3 1 0
netguard-pg-backend/internal/infrastructure/repositories/pg/internal/utils/shared.go:23.2,23.27 1 0
netguard-pg-backend/internal/infrastructure/repositories/pg/internal/utils/shared.go:24.37,25.30 1 0
netguard-pg-backend/internal/infrastructure/repositories/pg/internal/utils/shared.go:25.30,27.4 1 0
netguard-pg-backend/internal/infrastructure/repositories/pg/internal/utils/shared.go:30.3,34.36 4 0
netguard-pg-backend/internal/infrastructure/repositories/pg/internal/utils/shared.go:34.36,35.21 1 0
netguard-pg-backend/internal/infrastructure/repositories/pg/internal/utils/shared.go:35.21,41.5 4 0
netguard-pg-backend/internal/infrastructure/repositories/pg/internal/utils/shared.go:41.10,48.5 4 0
netguard-pg-backend/internal/infrastructure/repositories/pg/internal/utils/shared.go:51.3,51.60 1 0
netguard-pg-backend/internal/infrastructure/repositories/pg/internal/utils/shared.go:53.10,54.17 1 0
netguard-pg-backend/internal/infrastructure/repositories/pg/internal/utils/shared.go:59.94,63.19 3 0
netguard-pg-backend/internal/infrastructure/repositories/pg/internal/utils/shared.go:63.19,65.17 2 0
netguard-pg-backend/internal/infrastructure/repositories/pg/internal/utils/shared.go:65.17,67.4 1 0
netguard-pg-backend/internal/infrastructure/repositories/pg/internal/utils/shared.go:68.8,70.3 1 0
netguard-pg-backend/internal/infrastructure/repositories/pg/internal/utils/shared.go:72.2,72.24 1 0
netguard-pg-backend/internal/infrastructure/repositories/pg/internal/utils/shared.go:72.24,74.17 2 0
netguard-pg-backend/internal/infrastructure/repositories/pg/internal/utils/shared.go:74.17,76.4 1 0
netguard-pg-backend/internal/infrastructure/repositories/pg/internal/utils/shared.go:77.8,79.3 1 0
netguard-pg-backend/internal/infrastructure/repositories/pg/internal/utils/shared.go:81.2,81.41 1 0
netguard-pg-backend/internal/infrastructure/repositories/pg/internal/utils/shared.go:85.115,88.25 2 0
netguard-pg-backend/internal/infrastructure/repositories/pg/internal/utils/shared.go:88.25,89.61 1 0
netguard-pg-backend/internal/infrastructure/repositories/pg/internal/utils/shared.go:89.61,91.4 1 0
netguard-pg-backend/internal/infrastructure/repositories/pg/internal/utils/shared.go:94.2,94.30 1 0
netguard-pg-backend/internal/infrastructure/repositories/pg/internal/utils/shared.go:94.30,95.71 1 0
netguard-pg-backend/internal/infrastructure/repositories/pg/internal/utils/shared.go:95.71,97.4 1 0
netguard-pg-backend/internal/infrastructure/repositories/pg/internal/utils/shared.go:100.2,100.33 1 0
netguard-pg-backend/internal/infrastructure/repositories/pg/internal/utils/shared.go:104.164,111.16 3 0
netguard-pg-backend/internal/infrastructure/repositories/pg/internal/utils/shared.go:111.16,113.3 1 0
netguard-pg-backend/internal/infrastructure/repositories/pg/internal/utils/shared.go:114.2,118.29 3 0
netguard-pg-backend/internal/infrastructure/repositories/pg/internal/utils/shared.go:118.29,120.69 2 0
netguard-pg-backend/internal/infrastructure/repositories/pg/internal/utils/shared.go:120.69,122.4 1 0
netguard-pg-backend/internal/infrastructure/repositories/pg/internal/utils/shared.go:123.3,123.31 1 0
netguard-pg-backend/internal/infrastructure/repositories/pg/internal/utils/shared.go:126.2,128.18 2 0
netguard-pg-backend/internal/infrastructure/repositories/pg/internal/utils/shared.go:132.79,133.32 1 0
netguard-pg-backend/internal/infrastructure/repositories/pg/internal/utils/shared.go:133.32,135.3 1 0
netguard-pg-backend/internal/infrastructure/repositories/pg/internal/utils/shared.go:137.2,143.65 2 0
netguard-pg-backend/internal/infrastructure/repositories/pg/internal/utils/shared.go:143.65,145.3 1 0
netguard-pg-backend/internal/infrastructure/repositories/pg/internal/utils/shared.go:147.2,148.26 2 0
netguard-pg-backend/internal/infrastructure/repositories/pg/internal/utils/shared.go:148.26,154.3 1 0
netguard-pg-backend/internal/infrastructure/repositories/pg/internal/utils/shared.go:156.2,156.20 1 0
netguard-pg-backend/internal/infrastructure/repositories/pg/internal/utils/shared.go:160.70,161.21 1 0
netguard-pg-backend/internal/infrastructure/repositories/pg/internal/utils/shared.go:161.21,163.3 1 0
netguard-pg-backend/internal/infrastructure/repositories/pg/internal/utils/shared.go:165.2,166.26 2 0
netguard-pg-backend/internal/infrastructure/repositories/pg/internal/utils/shared.go:166.26,172.3 1 0
netguard-pg-backend/internal/infrastructure/repositories/pg/internal/utils/shared.go:174.2,174.32 1 0
netguard-pg-backend/internal/infrastructure/repositories/pg/internal/utils/shared.go:178.79,179.32 1 0
netguard-pg-backend/internal/infrastructure/repositories/pg/internal/utils/shared.go:179.32,181.3 1 0
netguard-pg-backend/internal/infrastructure/repositories/pg/internal/utils/shared.go:183.2,184.65 2 0
netguard-pg-backend/internal/infrastructure/repositories/pg/internal/utils/shared.go:184.65,186.3 1 0
netguard-pg-backend/internal/infrastructure/repositories/pg/internal/utils/shared.go:188.2,188.19 1 0
netguard-pg-backend/internal/infrastructure/repositories/pg/internal/utils/shared.go:192.70,193.21 1 0
netguard-pg-backend/internal/infrastructure/repositories/pg/internal/utils/shared.go:193.21,195.3 1 0
netguard-pg-backend/internal/infrastructure/repositories/pg/internal/utils/shared.go:197.2,197.28 1 0
netguard-pg-backend/internal/infrastructure/repositories/pg/internal/utils/shared.go:201.96,202.27 1 0
netguard-pg-backend/internal/infrastructure/repositories/pg/internal/utils/shared.go:202.27,204.3 1 0
netguard-pg-backend/internal/infrastructure/repositories/pg/internal/utils/shared.go:207.2,208.52 2 0
netguard-pg-backend/internal/infrastructure/repositories/pg/internal/utils/shared.go:208.52,212.3 2 0
netguard-pg-backend/internal/infrastructure/repositories/pg/internal/utils/shared.go:214.2,214.30 1 0
netguard-pg-backend/internal/infrastructure/repositories/pg/internal/utils/shared.go:218.102,219.31 1 0
netguard-pg-backend/internal/infrastructure/repositories/pg/internal/utils/shared.go:219.31,221.3 1 0
netguard-pg-backend/internal/infrastructure/repositories/pg/internal/utils/shared.go:224.2,225.65 2 0
netguard-pg-backend/internal/infrastructure/repositories/pg/internal/utils/shared.go:225.65,227.3 1 0
netguard-pg-backend/internal/infrastructure/repositories/pg/internal/utils/shared.go:229.2,230.33 2 0
netguard-pg-backend/internal/infrastructure/repositories/pg/internal/utils/shared.go:230.33,233.22 2 0
netguard-pg-backend/internal/infrastructure/repositories/pg/internal/utils/shared.go:233.22,235.4 1 0
netguard-pg-backend/internal/infrastructure/repositories/pg/internal/utils/shared.go:237.3,241.17 3 0
netguard-pg-backend/internal/infrastructure/repositories/pg/internal/utils/shared.go:241.17,243.4 1 0
netguard-pg-backend/internal/infrastructure/repositories/pg/internal/utils/shared.go:245.3,246.67 2 0
netguard-pg-backend/internal/infrastructure/repositories/pg/internal/utils/shared.go:246.67,248.4 1 0
netguard-pg-backend/internal/infrastructure/repositories/pg/internal/utils/shared.go:250.3,250.36 1 0
netguard-pg-backend/internal/infrastructure/repositories/pg/internal/utils/shared.go:253.2,253.20 1 0
netguard-pg-backend/internal/infrastructure/repositories/pg/readers/address_group.go:18.123,31.23 4 0
netguard-pg-backend/internal/infrastructure/repositories/pg/readers/address_group.go:31.23,33.3 1 0
netguard-pg-backend/internal/infrastructure/repositories/pg/readers/address_group.go:33.8,35.3 1 0
netguard-pg-backend/internal/infrastructure/repositories/pg/readers/address_group.go:37.2,40.16 3 0
netguard-pg-backend/internal/infrastructure/repositories/pg/readers/address_group.go:40.16,42.3 1 0
netguard-pg-backend/internal/infrastructure/repositories/pg/readers/address_group.go:43.2,45.18 2 0
netguard-pg-backend/internal/infrastructure/repositories/pg/readers/address_group.go:45.18,47.17 2 0
netguard-pg-backend/internal/infrastructure/repositories/pg/readers/address_group.go:47.17,49.4 1 0
netguard-pg-backend/internal/infrastructure/repositories/pg/readers/address_group.go:51.3,51.47 1 0
netguard-pg-backend/internal/infrastructure/repositories/pg/readers/address_group.go:51.47,53.4 1 0
netguard-pg-backend/internal/infrastructure/repositories/pg/readers/address_group.go:56.2,56.19 1 0
netguard-pg-backend/internal/infrastructure/repositories/pg/readers/address_group.go:60.119,72.16 4 0
netguard-pg-backend/internal/infrastructure/repositories/pg/readers/address_group.go:72.16,73.36 1 0
netguard-pg-backend/internal/infrastructure/repositories/pg/readers/address_group.go:73.36,75.4 1 0
netguard-pg-backend/internal/infrastructure/repositories/pg/readers/address_group.go:76.3,76.63 1 0
netguard-pg-backend/internal/infrastructure/repositories/pg/readers/address_group.go:79.2,79.26 1 0
netguard-pg-backend/internal/infrastructure/repositories/pg/readers/address_group.go:83.79,107.16 7 0
netguard-pg-backend/internal/infrastructure/repositories/pg/readers/address_group.go:107.16,109.3 1 0
netguard-pg-backend/internal/infrastructure/repositories/pg/readers/address_group.go:112.2,112.27 1 0
netguard-pg-backend/internal/infrastructure/repositories/pg/readers/address_group.go:112.27,113.78 1 0
netguard-pg-backend/internal/infrastructure/repositories/pg/readers/address_group.go:113.78,115.4 1 0
netguard-pg-backend/internal/infrastructure/repositories/pg/readers/address_group.go:117.3,117.40 1 0
netguard-pg-backend/internal/infrastructure/repositories/pg/readers/address_group.go:117.40,118.43 1 0
netguard-pg-backend/internal/infrastructure/repositories/pg/readers/address_group.go:118.43,120.5 1 0
netguard-pg-backend/internal/infrastructure/repositories/pg/readers/address_group.go:121.4,121.49 1 0
netguard-pg-backend/internal/infrastructure/repositories/pg/readers/address_group.go:121.49,123.5 1 0
netguard-pg-backend/internal/infrastructure/repositories/pg/readers/address_group.go:127.2,127.24 1 0
netguard-pg-backend/internal/infrastructure/repositories/pg/readers/address_group.go:127.24,128.72 1 0
netguard-pg-backend/internal/infrastructure/repositories/pg/readers/address_group.go:128.72,130.4 1 0
netguard-pg-backend/internal/infrastructure/repositories/pg/readers/address_group.go:133.2,133.34 1 0
netguard-pg-backend/internal/infrastructure/repositories/pg/readers/address_group.go:133.34,134.92 1 0
netguard-pg-backend/internal/infrastructure/repositories/pg/readers/address_group.go:134.92,136.4 1 0
netguard-pg-backend/internal/infrastructure/repositories/pg/readers/address_group.go:140.2,141.16 2 0
netguard-pg-backend/internal/infrastructure/repositories/pg/readers/address_group.go:141.16,143.3 1 0
netguard-pg-backend/internal/infrastructure/repositories/pg/readers/address_group.go:146.2,148.34 2 0
netguard-pg-backend/internal/infrastructure/repositories/pg/readers/address_group.go:148.34,150.3 1 0
netguard-pg-backend/internal/infrastructure/repositories/pg/readers/address_group.go:150.8,152.3 1 0
netguard-pg-backend/internal/infrastructure/repositories/pg/readers/address_group.go:154.2,154.26 1 0
netguard-pg-backend/internal/infrastructure/repositories/pg/readers/address_group.go:158.81,182.16 7 0
netguard-pg-backend/internal/infrastructure/repositories/pg/readers/address_group.go:182.16,184.3 1 0
netguard-pg-backend/internal/infrastructure/repositories/pg/readers/address_group.go:187.2,187.27 1 0
netguard-pg-backend/internal/infrastructure/repositories/pg/readers/address_group.go:187.27,188.78 1 0
netguard-pg-backend/internal/infrastructure/repositories/pg/readers/address_group.go:188.78,190.4 1 0
netguard-pg-backend/internal/infrastructure/repositories/pg/readers/address_group.go:192.3,192.40 1 0
netguard-pg-backend/internal/infrastructure/repositories/pg/readers/address_group.go:192.40,193.43 1 0
netguard-pg-backend/internal/infrastructure/repositories/pg/readers/address_group.go:193.43,195.5 1 0
netguard-pg-backend/internal/infrastructure/repositories/pg/readers/address_group.go:196.4,196.49 1 0
netguard-pg-backend/internal/infrastructure/repositories/pg/readers/address_group.go:196.49,198.5 1 0
netguard-pg-backend/internal/infrastructure/repositories/pg/readers/address_group.go:202.2,202.24 1 0
netguard-pg-backend/internal/infrastructure/repositories/pg/readers/address_group.go:202.24,203.72 1 0
netguard-pg-backend/internal/infrastructure/repositories/pg/readers/address_group.go:203.72,205.4 1 0
netguard-pg-backend/internal/infrastructure/repositories/pg/readers/address_group.go:208.2,208.34 1 0
netguard-pg-backend/internal/infrastructure/repositories/pg/readers/address_group.go:208.34,209.92 1 0
netguard-pg-backend/internal/infrastructure/repositories/pg/readers/address_group.go:209.92,211.4 1 0
netguard-pg-backend/internal/infrastructure/repositories/pg/readers/address_group.go:215.2,216.16 2 0
netguard-pg-backend/internal/infrastructure/repositories/pg/readers/address_group.go:216.16,218.3 1 0
netguard-pg-backend/internal/infrastructure/repositories/pg/readers/address_group.go:221.2,223.34 2 0
netguard-pg-backend/internal/infrastructure/repositories/pg/readers/address_group.go:223.34,225.3 1 0
netguard-pg-backend/internal/infrastructure/repositories/pg/readers/address_group.go:225.8,227.3 1 0
netguard-pg-backend/internal/infrastructure/repositories/pg/readers/address_group.go:229.2,229.27 1 0
netguard-pg-backend/internal/infrastructure/repositories/pg/readers/address_group_binding.go:18.137,32.23 4 0
netguard-pg-backend/internal/infrastructure/repositories/pg/readers/address_group_binding.go:32.23,34.3 1 0
netguard-pg-backend/internal/infrastructure/repositories/pg/readers/address_group_binding.go:34.8,36.3 1 0
netguard-pg-backend/internal/infrastructure/repositories/pg/readers/address_group_binding.go:38.2,43.52 5 0
netguard-pg-backend/internal/infrastructure/repositories/pg/readers/address_group_binding.go:43.52,45.17 2 0
netguard-pg-backend/internal/infrastructure/repositories/pg/readers/address_group_binding.go:45.17,46.9 1 0
netguard-pg-backend/internal/infrastructure/repositories/pg/readers/address_group_binding.go:49.3,49.75 1 0
netguard-pg-backend/internal/infrastructure/repositories/pg/readers/address_group_binding.go:49.75,51.12 2 0
netguard-pg-backend/internal/infrastructure/repositories/pg/readers/address_group_binding.go:54.3,54.68 1 0
netguard-pg-backend/internal/infrastructure/repositories/pg/readers/address_group_binding.go:56.2,58.18 2 0
netguard-pg-backend/internal/infrastructure/repositories/pg/readers/address_group_binding.go:58.18,60.17 2 0
netguard-pg-backend/internal/infrastructure/repositories/pg/readers/address_group_binding.go:60.17,62.4 1 0
netguard-pg-backend/internal/infrastructure/repositories/pg/readers/address_group_binding.go:64.3,64.42 1 0
netguard-pg-backend/internal/infrastructure/repositories/pg/readers/address_group_binding.go:64.42,66.4 1 0
netguard-pg-backend/internal/infrastructure/repositories/pg/readers/address_group_binding.go:69.2,69.19 1 0
netguard-pg-backend/internal/infrastructure/repositories/pg/readers/address_group_binding.go:73.133,86.16 4 0
netguard-pg-backend/internal/infrastructure/repositories/pg/readers/address_group_binding.go:86.16,87.36 1 0
netguard-pg-backend/internal/infrastructure/repositories/pg/readers/address_group_binding.go:87.36,89.4 1 0
netguard-pg-backend/internal/infrastructure/repositories/pg/readers/address_group_binding.go:90.3,90.71 1 0
netguard-pg-backend/internal/infrastructure/repositories/pg/readers/address_group_binding.go:93.2,93.21 1 0
netguard-pg-backend/internal/infrastructure/repositories/pg/readers/address_group_binding.go:97.93,119.16 8 0
netguard-pg-backend/internal/infrastructure/repositories/pg/readers/address_group_binding.go:119.16,121.3 1 0
netguard-pg-backend/internal/infrastructure/repositories/pg/readers/address_group_binding.go:124.2,125.16 2 0
netguard-pg-backend/internal/infrastructure/repositories/pg/readers/address_group_binding.go:125.16,127.3 1 0
netguard-pg-backend/internal/infrastructure/repositories/pg/readers/address_group_binding.go:130.2,136.21 4 0
netguard-pg-backend/internal/infrastructure/repositories/pg/readers/address_group_binding.go:140.95,162.16 8 0
netguard-pg-backend/internal/infrastructure/repositories/pg/readers/address_group_binding.go:162.16,164.3 1 0
netguard-pg-backend/internal/infrastructure/repositories/pg/readers/address_group_binding.go:167.2,168.16 2 0
netguard-pg-backend/internal/infrastructure/repositories/pg/readers/address_group_binding.go:168.16,170.3 1 0
netguard-pg-backend/internal/infrastructure/repositories/pg/readers/address_group_binding.go:173.2,179.22 4 0
netguard-pg-backend/internal/infrastructure/repositories/pg/readers/address_group_binding_policy.go:18.150,31.23 4 0
netguard-pg-backend/internal/infrastructure/repositories/pg/readers/address_group_binding_policy.go:31.23,33.3 1 0
netguard-pg-backend/internal/infrastructure/repositories/pg/readers/address_group_binding_policy.go:33.8,35.3 1 0
netguard-pg-backend/internal/infrastructure/repositories/pg/readers/address_group_binding_policy.go:37.2,40.16 3 0
netguard-pg-backend/internal/infrastructure/repositories/pg/readers/address_group_binding_policy.go:40.16,42.3 1 0
netguard-pg-backend/internal/infrastructure/repositories/pg/readers/address_group_binding_policy.go:43.2,45.18 2 0
netguard-pg-backend/internal/infrastructure/repositories/pg/readers/address_group_binding_policy.go:45.18,47.17 2 0
netguard-pg-backend/internal/infrastructure/repositories/pg/readers/address_group_binding_policy.go:47.17,49.4 1 0
netguard-pg-backend/internal/infrastructure/repositories/pg/readers/address_group_binding_policy.go:51.3,51.41 1 0
netguard-pg-backend/internal/infrastructure/repositories/pg/readers/address_group_binding_policy.go:51.41,53.4 1 0
netguard-pg-backend/internal/infrastructure/repositories/pg/readers/address_group_binding_policy.go:56.2,56.19 1 0
netguard-pg-backend/internal/infrastructure/repositories/pg/readers/address_group_binding_policy.go:60.145,72.16 4 0
netguard-pg-backend/internal/infrastructure/repositories/pg/readers/address_group_binding_policy.go:72.16,73.36 1 0
netguard-pg-backend/internal/infrastructure/repositories/pg/readers/address_group_binding_policy.go:73.36,75.4 1 0
netguard-pg-backend/internal/infrastructure/repositories/pg/readers/address_group_binding_policy.go:76.3,76.78 1 0
netguard-pg-backend/internal/infrastructure/repositories/pg/readers/address_group_binding_policy.go:79.2,79.20 1 0
netguard-pg-backend/internal/infrastructure/repositories/pg/readers/address_group_binding_policy.go:83.105,105.16 8 0
netguard-pg-backend/internal/infrastructure/repositories/pg/readers/address_group_binding_policy.go:105.16,107.3 1 0
netguard-pg-backend/internal/infrastructure/repositories/pg/readers/address_group_binding_policy.go:110.2,111.16 2 0
netguard-pg-backend/internal/infrastructure/repositories/pg/readers/address_group_binding_policy.go:111.16,113.3 1 0
netguard-pg-backend/internal/infrastructure/repositories/pg/readers/address_group_binding_policy.go:116.2,119.34 2 0
netguard-pg-backend/internal/infrastructure/repositories/pg/readers/address_group_binding_policy.go:119.34,120.86 1 0
netguard-pg-backend/internal/infrastructure/repositories/pg/readers/address_group_binding_policy.go:120.86,122.4 1 0
netguard-pg-backend/internal/infrastructure/repositories/pg/readers/address_group_binding_policy.go:125.2,125.29 1 0
netguard-pg-backend/internal/infrastructure/repositories/pg/readers/address_group_binding_policy.go:125.29,126.76 1 0
netguard-pg-backend/internal/infrastructure/repositories/pg/readers/address_group_binding_policy.go:126.76,128.4 1 0
netguard-pg-backend/internal/infrastructure/repositories/pg/readers/address_group_binding_policy.go:131.2,131.20 1 0
netguard-pg-backend/internal/infrastructure/repositories/pg/readers/address_group_binding_policy.go:135.107,157.16 8 0
netguard-pg-backend/internal/infrastructure/repositories/pg/readers/address_group_binding_policy.go:157.16,159.3 1 0
netguard-pg-backend/internal/infrastructure/repositories/pg/readers/address_group_binding_policy.go:162.2,163.16 2 0
netguard-pg-backend/internal/infrastructure/repositories/pg/readers/address_group_binding_policy.go:163.16,165.3 1 0
netguard-pg-backend/internal/infrastructure/repositories/pg/readers/address_group_binding_policy.go:168.2,171.34 2 0
netguard-pg-backend/internal/infrastructure/repositories/pg/readers/address_group_binding_policy.go:171.34,172.86 1 0
netguard-pg-backend/internal/infrastructure/repositories/pg/readers/address_group_binding_policy.go:172.86,174.4 1 0
netguard-pg-backend/internal/infrastructure/repositories/pg/readers/address_group_binding_policy.go:177.2,177.29 1 0
netguard-pg-backend/internal/infrastructure/repositories/pg/readers/address_group_binding_policy.go:177.29,178.76 1 0
netguard-pg-backend/internal/infrastructure/repositories/pg/readers/address_group_binding_policy.go:178.76,180.4 1 0
netguard-pg-backend/internal/infrastructure/repositories/pg/readers/address_group_binding_policy.go:183.2,183.21 1 0
netguard-pg-backend/internal/infrastructure/repositories/pg/readers/address_group_port_mapping.go:17.145,30.23 4 0
netguard-pg-backend/internal/infrastructure/repositories/pg/readers/address_group_port_mapping.go:30.23,32.3 1 0
netguard-pg-backend/internal/infrastructure/repositories/pg/readers/address_group_port_mapping.go:32.8,34.3 1 0
netguard-pg-backend/internal/infrastructure/repositories/pg/readers/address_group_port_mapping.go:36.2,39.16 3 0
netguard-pg-backend/internal/infrastructure/repositories/pg/readers/address_group_port_mapping.go:39.16,41.3 1 0
netguard-pg-backend/internal/infrastructure/repositories/pg/readers/address_group_port_mapping.go:42.2,44.18 2 0
netguard-pg-backend/internal/infrastructure/repositories/pg/readers/address_group_port_mapping.go:44.18,46.17 2 0
netguard-pg-backend/internal/infrastructure/repositories/pg/readers/address_group_port_mapping.go:46.17,48.4 1 0
netguard-pg-backend/internal/infrastructure/repositories/pg/readers/address_group_port_mapping.go:50.3,50.42 1 0
netguard-pg-backend/internal/infrastructure/repositories/pg/readers/address_group_port_mapping.go:50.42,52.4 1 0
netguard-pg-backend/internal/infrastructure/repositories/pg/readers/address_group_port_mapping.go:55.2,55.19 1 0
netguard-pg-backend/internal/infrastructure/repositories/pg/readers/address_group_port_mapping.go:59.141,71.16 4 0
netguard-pg-backend/internal/infrastructure/repositories/pg/readers/address_group_port_mapping.go:71.16,72.36 1 0
netguard-pg-backend/internal/infrastructure/repositories/pg/readers/address_group_port_mapping.go:72.36,74.4 1 0
netguard-pg-backend/internal/infrastructure/repositories/pg/readers/address_group_port_mapping.go:75.3,75.76 1 0
netguard-pg-backend/internal/infrastructure/repositories/pg/readers/address_group_port_mapping.go:78.2,78.21 1 0
netguard-pg-backend/internal/infrastructure/repositories/pg/readers/address_group_port_mapping.go:82.101,100.16 7 0
netguard-pg-backend/internal/infrastructure/repositories/pg/readers/address_group_port_mapping.go:100.16,102.3 1 0
netguard-pg-backend/internal/infrastructure/repositories/pg/readers/address_group_port_mapping.go:105.2,106.16 2 0
netguard-pg-backend/internal/infrastructure/repositories/pg/readers/address_group_port_mapping.go:106.16,108.3 1 0
netguard-pg-backend/internal/infrastructure/repositories/pg/readers/address_group_port_mapping.go:111.2,112.16 2 0
netguard-pg-backend/internal/infrastructure/repositories/pg/readers/address_group_port_mapping.go:112.16,114.3 1 0
netguard-pg-backend/internal/infrastructure/repositories/pg/readers/address_group_port_mapping.go:117.2,119.21 2 0
netguard-pg-backend/internal/infrastructure/repositories/pg/readers/address_group_port_mapping.go:123.103,141.16 7 0
netguard-pg-backend/internal/infrastructure/repositories/pg/readers/address_group_port_mapping.go:141.16,143.3 1 0
netguard-pg-backend/internal/infrastructure/repositories/pg/readers/address_group_port_mapping.go:146.2,147.16 2 0
netguard-pg-backend/internal/infrastructure/repositories/pg/readers/address_group_port_mapping.go:147.16,149.3 1 0
netguard-pg-backend/internal/infrastructure/repositories/pg/readers/address_group_port_mapping.go:152.2,153.16 2 0
netguard-pg-backend/internal/infrastructure/repositories/pg/readers/address_group_port_mapping.go:153.16,155.3 1 0
netguard-pg-backend/internal/infrastructure/repositories/pg/readers/address_group_port_mapping.go:158.2,160.22 2 0
netguard-pg-backend/internal/infrastructure/repositories/pg/readers/host.go:19.107,36.23 4 0
netguard-pg-backend/internal/infrastructure/repositories/pg/readers/host.go:36.23,38.3 1 0
netguard-pg-backend/internal/infrastructure/repositories/pg/readers/host.go:38.8,40.3 1 0
netguard-pg-backend/internal/infrastructure/repositories/pg/readers/host.go:42.2,45.16 3 0
netguard-pg-backend/internal/infrastructure/repositories/pg/readers/host.go:45.16,47.3 1 0
netguard-pg-backend/internal/infrastructure/repositories/pg/readers/host.go:48.2,50.18 2 0
netguard-pg-backend/internal/infrastructure/repositories/pg/readers/host.go:50.18,52.17 2 0
netguard-pg-backend/internal/infrastructure/repositories/pg/readers/host.go:52.17,54.4 1 0
netguard-pg-backend/internal/infrastructure/repositories/pg/readers/host.go:56.3,56.39 1 0
netguard-pg-backend/internal/infrastructure/repositories/pg/readers/host.go:56.39,58.4 1 0
netguard-pg-backend/internal/infrastructure/repositories/pg/readers/host.go:61.2,61.19 1 0
netguard-pg-backend/internal/infrastructure/repositories/pg/readers/host.go:65.103,81.16 4 0
netguard-pg-backend/internal/infrastructure/repositories/pg/readers/host.go:81.16,82.36 1 0
netguard-pg-backend/internal/infrastructure/repositories/pg/readers/host.go:82.36,84.4 1 0
netguard-pg-backend/internal/infrastructure/repositories/pg/readers/host.go:85.3,85.54 1 0
netguard-pg-backend/internal/infrastructure/repositories/pg/readers/host.go:88.2,88.18 1 0
netguard-pg-backend/internal/infrastructure/repositories/pg/readers/host.go:92.63,125.16 12 0
netguard-pg-backend/internal/infrastructure/repositories/pg/readers/host.go:125.16,127.3 1 0
netguard-pg-backend/internal/infrastructure/repositories/pg/readers/host.go:130.2,133.25 2 0
netguard-pg-backend/internal/infrastructure/repositories/pg/readers/host.go:133.25,135.3 1 0
netguard-pg-backend/internal/infrastructure/repositories/pg/readers/host.go:136.2,136.29 1 0
netguard-pg-backend/internal/infrastructure/repositories/pg/readers/host.go:136.29,138.3 1 0
netguard-pg-backend/internal/infrastructure/repositories/pg/readers/host.go:139.2,142.57 2 0
netguard-pg-backend/internal/infrastructure/repositories/pg/readers/host.go:142.57,148.3 1 0
netguard-pg-backend/internal/infrastructure/repositories/pg/readers/host.go:151.2,151.67 1 0
netguard-pg-backend/internal/infrastructure/repositories/pg/readers/host.go:151.67,157.3 1 0
netguard-pg-backend/internal/infrastructure/repositories/pg/readers/host.go:160.2,160.23 1 0
netguard-pg-backend/internal/infrastructure/repositories/pg/readers/host.go:160.23,162.62 2 0
netguard-pg-backend/internal/infrastructure/repositories/pg/readers/host.go:162.62,164.4 1 0
netguard-pg-backend/internal/infrastructure/repositories/pg/readers/host.go:165.3,165.24 1 0
netguard-pg-backend/internal/infrastructure/repositories/pg/readers/host.go:169.2,170.16 2 0
netguard-pg-backend/internal/infrastructure/repositories/pg/readers/host.go:170.16,172.3 1 0
netguard-pg-backend/internal/infrastructure/repositories/pg/readers/host.go:174.2,174.18 1 0
netguard-pg-backend/internal/infrastructure/repositories/pg/readers/host.go:178.65,211.16 12 0
netguard-pg-backend/internal/infrastructure/repositories/pg/readers/host.go:211.16,213.3 1 0
netguard-pg-backend/internal/infrastructure/repositories/pg/readers/host.go:216.2,219.25 2 0
netguard-pg-backend/internal/infrastructure/repositories/pg/readers/host.go:219.25,221.3 1 0
netguard-pg-backend/internal/infrastructure/repositories/pg/readers/host.go:222.2,222.29 1 0
netguard-pg-backend/internal/infrastructure/repositories/pg/readers/host.go:222.29,224.3 1 0
netguard-pg-backend/internal/infrastructure/repositories/pg/readers/host.go:225.2,228.57 2 0
netguard-pg-backend/internal/infrastructure/repositories/pg/readers/host.go:228.57,234.3 1 0
netguard-pg-backend/internal/infrastructure/repositories/pg/readers/host.go:237.2,237.67 1 0
netguard-pg-backend/internal/infrastructure/repositories/pg/readers/host.go:237.67,243.3 1 0
netguard-pg-backend/internal/infrastructure/repositories/pg/readers/host.go:246.2,246.23 1 0
netguard-pg-backend/internal/infrastructure/repositories/pg/readers/host.go:246.23,248.62 2 0
netguard-pg-backend/internal/infrastructure/repositories/pg/readers/host.go:248.62,250.4 1 0
netguard-pg-backend/internal/infrastructure/repositories/pg/readers/host.go:252.3,252.24 1 0
netguard-pg-backend/internal/infrastructure/repositories/pg/readers/host.go:256.2,257.16 2 0
netguard-pg-backend/internal/infrastructure/repositories/pg/readers/host.go:257.16,259.3 1 0
netguard-pg-backend/internal/infrastructure/repositories/pg/readers/host.go:261.2,261.19 1 0
netguard-pg-backend/internal/infrastructure/repositories/pg/readers/host_binding.go:18.121,33.23 4 0
netguard-pg-backend/internal/infrastructure/repositories/pg/readers/host_binding.go:33.23,35.3 1 0
netguard-pg-backend/internal/infrastructure/repositories/pg/readers/host_binding.go:35.8,37.3 1 0
netguard-pg-backend/internal/infrastructure/repositories/pg/readers/host_binding.go:39.2,42.16 3 0
netguard-pg-backend/internal/infrastructure/repositories/pg/readers/host_binding.go:42.16,44.3 1 0
netguard-pg-backend/internal/infrastructure/repositories/pg/readers/host_binding.go:45.2,47.18 2 0
netguard-pg-backend/internal/infrastructure/repositories/pg/readers/host_binding.go:47.18,49.17 2 0
netguard-pg-backend/internal/infrastructure/repositories/pg/readers/host_binding.go:49.17,51.4 1 0
netguard-pg-backend/internal/infrastructure/repositories/pg/readers/host_binding.go:53.3,53.46 1 0
netguard-pg-backend/internal/infrastructure/repositories/pg/readers/host_binding.go:53.46,55.4 1 0
netguard-pg-backend/internal/infrastructure/repositories/pg/readers/host_binding.go:58.2,58.19 1 0
netguard-pg-backend/internal/infrastructure/repositories/pg/readers/host_binding.go:62.117,76.16 4 0
netguard-pg-backend/internal/infrastructure/repositories/pg/readers/host_binding.go:76.16,77.36 1 0
netguard-pg-backend/internal/infrastructure/repositories/pg/readers/host_binding.go:77.36,79.4 1 0
netguard-pg-backend/internal/infrastructure/repositories/pg/readers/host_binding.go:80.3,80.62 1 0
netguard-pg-backend/internal/infrastructure/repositories/pg/readers/host_binding.go:83.2,83.25 1 0
netguard-pg-backend/internal/infrastructure/repositories/pg/readers/host_binding.go:87.77,111.16 8 0
netguard-pg-backend/internal/infrastructure/repositories/pg/readers/host_binding.go:111.16,113.3 1 0
netguard-pg-backend/internal/infrastructure/repositories/pg/readers/host_binding.go:116.2,137.16 4 0
netguard-pg-backend/internal/infrastructure/repositories/pg/readers/host_binding.go:137.16,139.3 1 0
netguard-pg-backend/internal/infrastructure/repositories/pg/readers/host_binding.go:141.2,141.25 1 0
netguard-pg-backend/internal/infrastructure/repositories/pg/readers/host_binding.go:145.79,169.16 8 0
netguard-pg-backend/internal/infrastructure/repositories/pg/readers/host_binding.go:169.16,171.3 1 0
netguard-pg-backend/internal/infrastructure/repositories/pg/readers/host_binding.go:174.2,195.16 4 0
netguard-pg-backend/internal/infrastructure/repositories/pg/readers/host_binding.go:195.16,197.3 1 0
netguard-pg-backend/internal/infrastructure/repositories/pg/readers/host_binding.go:199.2,199.26 1 0
netguard-pg-backend/internal/infrastructure/repositories/pg/readers/ieagag_rule.go:19.119,35.23 4 0
netguard-pg-backend/internal/infrastructure/repositories/pg/readers/ieagag_rule.go:35.23,37.3 1 0
netguard-pg-backend/internal/infrastructure/repositories/pg/readers/ieagag_rule.go:37.8,39.3 1 0
netguard-pg-backend/internal/infrastructure/repositories/pg/readers/ieagag_rule.go:41.2,44.16 3 0
netguard-pg-backend/internal/infrastructure/repositories/pg/readers/ieagag_rule.go:44.16,46.3 1 0
netguard-pg-backend/internal/infrastructure/repositories/pg/readers/ieagag_rule.go:47.2,49.18 2 0
netguard-pg-backend/internal/infrastructure/repositories/pg/readers/ieagag_rule.go:49.18,51.17 2 0
netguard-pg-backend/internal/infrastructure/repositories/pg/readers/ieagag_rule.go:51.17,53.4 1 0
netguard-pg-backend/internal/infrastructure/repositories/pg/readers/ieagag_rule.go:55.3,55.45 1 0
netguard-pg-backend/internal/infrastructure/repositories/pg/readers/ieagag_rule.go:55.45,57.4 1 0
netguard-pg-backend/internal/infrastructure/repositories/pg/readers/ieagag_rule.go:60.2,60.19 1 0
netguard-pg-backend/internal/infrastructure/repositories/pg/readers/ieagag_rule.go:64.115,79.16 4 0
netguard-pg-backend/internal/infrastructure/repositories/pg/readers/ieagag_rule.go:79.16,80.36 1 0
netguard-pg-backend/internal/infrastructure/repositories/pg/readers/ieagag_rule.go:80.36,82.4 1 0
netguard-pg-backend/internal/infrastructure/repositories/pg/readers/ieagag_rule.go:83.3,83.61 1 0
netguard-pg-backend/internal/infrastructure/repositories/pg/readers/ieagag_rule.go:86.2,86.24 1 0
netguard-pg-backend/internal/infrastructure/repositories/pg/readers/ieagag_rule.go:90.75,124.16 13 0
netguard-pg-backend/internal/infrastructure/repositories/pg/readers/ieagag_rule.go:124.16,126.3 1 0
netguard-pg-backend/internal/infrastructure/repositories/pg/readers/ieagag_rule.go:129.2,130.16 2 0
netguard-pg-backend/internal/infrastructure/repositories/pg/readers/ieagag_rule.go:130.16,132.3 1 0
netguard-pg-backend/internal/infrastructure/repositories/pg/readers/ieagag_rule.go:135.2,144.69 6 0
netguard-pg-backend/internal/infrastructure/repositories/pg/readers/ieagag_rule.go:144.69,153.3 1 0
netguard-pg-backend/internal/infrastructure/repositories/pg/readers/ieagag_rule.go:155.2,155.59 1 0
netguard-pg-backend/internal/infrastructure/repositories/pg/readers/ieagag_rule.go:155.59,164.3 1 0
netguard-pg-backend/internal/infrastructure/repositories/pg/readers/ieagag_rule.go:167.2,167.55 1 0
netguard-pg-backend/internal/infrastructure/repositories/pg/readers/ieagag_rule.go:167.55,168.70 1 0
netguard-pg-backend/internal/infrastructure/repositories/pg/readers/ieagag_rule.go:168.70,170.4 1 0
netguard-pg-backend/internal/infrastructure/repositories/pg/readers/ieagag_rule.go:173.2,173.24 1 0
netguard-pg-backend/internal/infrastructure/repositories/pg/readers/ieagag_rule.go:177.77,211.16 13 0
netguard-pg-backend/internal/infrastructure/repositories/pg/readers/ieagag_rule.go:211.16,213.3 1 0
netguard-pg-backend/internal/infrastructure/repositories/pg/readers/ieagag_rule.go:216.2,217.16 2 0
netguard-pg-backend/internal/infrastructure/repositories/pg/readers/ieagag_rule.go:217.16,219.3 1 0
netguard-pg-backend/internal/infrastructure/repositories/pg/readers/ieagag_rule.go:222.2,231.69 6 0
netguard-pg-backend/internal/infrastructure/repositories/pg/readers/ieagag_rule.go:231.69,240.3 1 0
netguard-pg-backend/internal/infrastructure/repositories/pg/readers/ieagag_rule.go:242.2,242.59 1 0
netguard-pg-backend/internal/infrastructure/repositories/pg/readers/ieagag_rule.go:242.59,251.3 1 0
netguard-pg-backend/internal/infrastructure/repositories/pg/readers/ieagag_rule.go:254.2,254.55 1 0
netguard-pg-backend/internal/infrastructure/repositories/pg/readers/ieagag_rule.go:254.55,255.70 1 0
netguard-pg-backend/internal/infrastructure/repositories/pg/readers/ieagag_rule.go:255.70,257.4 1 0
netguard-pg-backend/internal/infrastructure/repositories/pg/readers/ieagag_rule.go:260.2,260.25 1 0
netguard-pg-backend/internal/infrastructure/repositories/pg/readers/network.go:18.113,33.23 4 0
netguard-pg-backend/internal/infrastructure/repositories/pg/readers/network.go:33.23,35.3 1 0
netguard-pg-backend/internal/infrastructure/repositories/pg/readers/network.go:35.8,37.3 1 0
netguard-pg-backend/internal/infrastructure/repositories/pg/readers/network.go:39.2,42.16 3 0
netguard-pg-backend/internal/infrastructure/repositories/pg/readers/network.go:42.16,44.3 1 0
netguard-pg-backend/internal/infrastructure/repositories/pg/readers/network.go:45.2,47.18 2 0
netguard-pg-backend/internal/infrastructure/repositories/pg/readers/network.go:47.18,49.17 2 0
netguard-pg-backend/internal/infrastructure/repositories/pg/readers/network.go:49.17,51.4 1 0
netguard-pg-backend/internal/infrastructure/repositories/pg/readers/network.go:53.3,53.42 1 0
netguard-pg-backend/internal/infrastructure/repositories/pg/readers/network.go:53.42,55.4 1 0
netguard-pg-backend/internal/infrastructure/repositories/pg/readers/network.go:58.2,58.19 1 0
netguard-pg-backend/internal/infrastructure/repositories/pg/readers/network.go:62.109,76.16 4 0
netguard-pg-backend/internal/infrastructure/repositories/pg/readers/network.go:76.16,77.36 1 0
netguard-pg-backend/internal/infrastructure/repositories/pg/readers/network.go:77.36,79.4 1 0
netguard-pg-backend/internal/infrastructure/repositories/pg/readers/network.go:80.3,80.57 1 0
netguard-pg-backend/internal/infrastructure/repositories/pg/readers/network.go:83.2,83.21 1 0
netguard-pg-backend/internal/infrastructure/repositories/pg/readers/network.go:87.69,117.16 11 0
netguard-pg-backend/internal/infrastructure/repositories/pg/readers/network.go:117.16,119.3 1 0
netguard-pg-backend/internal/infrastructure/repositories/pg/readers/network.go:122.2,123.16 2 0
netguard-pg-backend/internal/infrastructure/repositories/pg/readers/network.go:123.16,125.3 1 0
netguard-pg-backend/internal/infrastructure/repositories/pg/readers/network.go:128.2,137.57 4 0
netguard-pg-backend/internal/infrastructure/repositories/pg/readers/network.go:137.57,143.3 1 0
netguard-pg-backend/internal/infrastructure/repositories/pg/readers/network.go:145.2,145.67 1 0
netguard-pg-backend/internal/infrastructure/repositories/pg/readers/network.go:145.67,151.3 1 0
netguard-pg-backend/internal/infrastructure/repositories/pg/readers/network.go:153.2,153.21 1 0
netguard-pg-backend/internal/infrastructure/repositories/pg/readers/network.go:157.71,187.16 11 0
netguard-pg-backend/internal/infrastructure/repositories/pg/readers/network.go:187.16,189.3 1 0
netguard-pg-backend/internal/infrastructure/repositories/pg/readers/network.go:192.2,193.16 2 0
netguard-pg-backend/internal/infrastructure/repositories/pg/readers/network.go:193.16,195.3 1 0
netguard-pg-backend/internal/infrastructure/repositories/pg/readers/network.go:198.2,207.57 4 0
netguard-pg-backend/internal/infrastructure/repositories/pg/readers/network.go:207.57,213.3 1 0
netguard-pg-backend/internal/infrastructure/repositories/pg/readers/network.go:215.2,215.67 1 0
netguard-pg-backend/internal/infrastructure/repositories/pg/readers/network.go:215.67,221.3 1 0
netguard-pg-backend/internal/infrastructure/repositories/pg/readers/network.go:223.2,223.22 1 0
netguard-pg-backend/internal/infrastructure/repositories/pg/readers/network.go:227.94,241.16 4 0
netguard-pg-backend/internal/infrastructure/repositories/pg/readers/network.go:241.16,242.36 1 0
netguard-pg-backend/internal/infrastructure/repositories/pg/readers/network.go:242.36,244.4 1 0
netguard-pg-backend/internal/infrastructure/repositories/pg/readers/network.go:245.3,245.65 1 0
netguard-pg-backend/internal/infrastructure/repositories/pg/readers/network.go:248.2,248.21 1 0
netguard-pg-backend/internal/infrastructure/repositories/pg/readers/network.go:251.106,276.16 3 0
netguard-pg-backend/internal/infrastructure/repositories/pg/readers/network.go:276.16,278.3 1 0
netguard-pg-backend/internal/infrastructure/repositories/pg/readers/network.go:279.2,282.18 3 0
netguard-pg-backend/internal/infrastructure/repositories/pg/readers/network.go:282.18,284.17 2 0
netguard-pg-backend/internal/infrastructure/repositories/pg/readers/network.go:284.17,286.4 1 0
netguard-pg-backend/internal/infrastructure/repositories/pg/readers/network.go:287.3,287.40 1 0
netguard-pg-backend/internal/infrastructure/repositories/pg/readers/network.go:290.2,290.35 1 0
netguard-pg-backend/internal/infrastructure/repositories/pg/readers/network.go:290.35,292.3 1 0
netguard-pg-backend/internal/infrastructure/repositories/pg/readers/network.go:294.2,294.22 1 0
netguard-pg-backend/internal/infrastructure/repositories/pg/readers/network_binding.go:18.127,33.23 4 0
netguard-pg-backend/internal/infrastructure/repositories/pg/readers/network_binding.go:33.23,35.3 1 0
netguard-pg-backend/internal/infrastructure/repositories/pg/readers/network_binding.go:35.8,37.3 1 0
netguard-pg-backend/internal/infrastructure/repositories/pg/readers/network_binding.go:39.2,42.16 3 0
netguard-pg-backend/internal/infrastructure/repositories/pg/readers/network_binding.go:42.16,44.3 1 0
netguard-pg-backend/internal/infrastructure/repositories/pg/readers/network_binding.go:45.2,47.18 2 0
netguard-pg-backend/internal/infrastructure/repositories/pg/readers/network_binding.go:47.18,49.17 2 0
netguard-pg-backend/internal/infrastructure/repositories/pg/readers/network_binding.go:49.17,51.4 1 0
netguard-pg-backend/internal/infrastructure/repositories/pg/readers/network_binding.go:53.3,53.49 1 0
netguard-pg-backend/internal/infrastructure/repositories/pg/readers/network_binding.go:53.49,55.4 1 0
netguard-pg-backend/internal/infrastructure/repositories/pg/readers/network_binding.go:58.2,58.19 1 0
netguard-pg-backend/internal/infrastructure/repositories/pg/readers/network_binding.go:62.123,76.16 4 0
netguard-pg-backend/internal/infrastructure/repositories/pg/readers/network_binding.go:76.16,77.36 1 0
netguard-pg-backend/internal/infrastructure/repositories/pg/readers/network_binding.go:77.36,79.4 1 0
netguard-pg-backend/internal/infrastructure/repositories/pg/readers/network_binding.go:80.3,80.65 1 0
netguard-pg-backend/internal/infrastructure/repositories/pg/readers/network_binding.go:83.2,83.28 1 0
netguard-pg-backend/internal/infrastructure/repositories/pg/readers/network_binding.go:87.83,111.16 8 0
netguard-pg-backend/internal/infrastructure/repositories/pg/readers/network_binding.go:111.16,113.3 1 0
netguard-pg-backend/internal/infrastructure/repositories/pg/readers/network_binding.go:116.2,117.16 2 0
netguard-pg-backend/internal/infrastructure/repositories/pg/readers/network_binding.go:117.16,119.3 1 0
netguard-pg-backend/internal/infrastructure/repositories/pg/readers/network_binding.go:122.2,125.49 2 0
netguard-pg-backend/internal/infrastructure/repositories/pg/readers/network_binding.go:125.49,131.3 1 0
netguard-pg-backend/internal/infrastructure/repositories/pg/readers/network_binding.go:133.2,133.59 1 0
netguard-pg-backend/internal/infrastructure/repositories/pg/readers/network_binding.go:133.59,139.3 1 0
netguard-pg-backend/internal/infrastructure/repositories/pg/readers/network_binding.go:141.2,141.28 1 0
netguard-pg-backend/internal/infrastructure/repositories/pg/readers/network_binding.go:145.85,169.16 8 0
netguard-pg-backend/internal/infrastructure/repositories/pg/readers/network_binding.go:169.16,171.3 1 0
netguard-pg-backend/internal/infrastructure/repositories/pg/readers/network_binding.go:174.2,175.16 2 0
netguard-pg-backend/internal/infrastructure/repositories/pg/readers/network_binding.go:175.16,177.3 1 0
netguard-pg-backend/internal/infrastructure/repositories/pg/readers/network_binding.go:180.2,183.49 2 0
netguard-pg-backend/internal/infrastructure/repositories/pg/readers/network_binding.go:183.49,189.3 1 0
netguard-pg-backend/internal/infrastructure/repositories/pg/readers/network_binding.go:191.2,191.59 1 0
netguard-pg-backend/internal/infrastructure/repositories/pg/readers/network_binding.go:191.59,197.3 1 0
netguard-pg-backend/internal/infrastructure/repositories/pg/readers/network_binding.go:199.2,199.29 1 0
netguard-pg-backend/internal/infrastructure/repositories/pg/readers/reader.go:22.101,29.2 1 0
netguard-pg-backend/internal/infrastructure/repositories/pg/readers/reader.go:32.32,34.2 1 0
netguard-pg-backend/internal/infrastructure/repositories/pg/readers/reader.go:38.98,39.17 1 0
netguard-pg-backend/internal/infrastructure/repositories/pg/readers/reader.go:39.17,41.3 1 0
netguard-pg-backend/internal/infrastructure/repositories/pg/readers/reader.go:42.2,42.42 1 0
netguard-pg-backend/internal/infrastructure/repositories/pg/readers/reader.go:47.91,48.17 1 0
netguard-pg-backend/internal/infrastructure/repositories/pg/readers/reader.go:48.17,50.3 1 0
netguard-pg-backend/internal/infrastructure/repositories/pg/readers/reader.go:51.2,51.45 1 0
netguard-pg-backend/internal/infrastructure/repositories/pg/readers/rule_s2s.go:18.112,32.23 4 0
netguard-pg-backend/internal/infrastructure/repositories/pg/readers/rule_s2s.go:32.23,34.3 1 0
netguard-pg-backend/internal/infrastructure/repositories/pg/readers/rule_s2s.go:34.8,36.3 1 0
netguard-pg-backend/internal/infrastructure/repositories/pg/readers/rule_s2s.go:38.2,41.16 3 0
netguard-pg-backend/internal/infrastructure/repositories/pg/readers/rule_s2s.go:41.16,43.3 1 0
netguard-pg-backend/internal/infrastructure/repositories/pg/readers/rule_s2s.go:44.2,46.18 2 0
netguard-pg-backend/internal/infrastructure/repositories/pg/readers/rule_s2s.go:46.18,48.17 2 0
netguard-pg-backend/internal/infrastructure/repositories/pg/readers/rule_s2s.go:48.17,50.4 1 0
netguard-pg-backend/internal/infrastructure/repositories/pg/readers/rule_s2s.go:52.3,52.42 1 0
netguard-pg-backend/internal/infrastructure/repositories/pg/readers/rule_s2s.go:52.42,54.4 1 0
netguard-pg-backend/internal/infrastructure/repositories/pg/readers/rule_s2s.go:57.2,57.19 1 0
netguard-pg-backend/internal/infrastructure/repositories/pg/readers/rule_s2s.go:61.109,74.16 4 0
netguard-pg-backend/internal/infrastructure/repositories/pg/readers/rule_s2s.go:74.16,75.36 1 0
netguard-pg-backend/internal/infrastructure/repositories/pg/readers/rule_s2s.go:75.36,77.4 1 0
netguard-pg-backend/internal/infrastructure/repositories/pg/readers/rule_s2s.go:78.3,78.58 1 0
netguard-pg-backend/internal/infrastructure/repositories/pg/readers/rule_s2s.go:81.2,81.21 1 0
netguard-pg-backend/internal/infrastructure/repositories/pg/readers/rule_s2s.go:85.69,112.16 10 0
netguard-pg-backend/internal/infrastructure/repositories/pg/readers/rule_s2s.go:112.16,114.3 1 0
netguard-pg-backend/internal/infrastructure/repositories/pg/readers/rule_s2s.go:117.2,118.16 2 0
netguard-pg-backend/internal/infrastructure/repositories/pg/readers/rule_s2s.go:118.16,120.3 1 0
netguard-pg-backend/internal/infrastructure/repositories/pg/readers/rule_s2s.go:122.2,127.34 4 0
netguard-pg-backend/internal/infrastructure/repositories/pg/readers/rule_s2s.go:127.34,128.87 1 0
netguard-pg-backend/internal/infrastructure/repositories/pg/readers/rule_s2s.go:128.87,130.4 1 0
netguard-pg-backend/internal/infrastructure/repositories/pg/readers/rule_s2s.go:133.2,133.29 1 0
netguard-pg-backend/internal/infrastructure/repositories/pg/readers/rule_s2s.go:133.29,134.77 1 0
netguard-pg-backend/internal/infrastructure/repositories/pg/readers/rule_s2s.go:134.77,136.4 1 0
netguard-pg-backend/internal/infrastructure/repositories/pg/readers/rule_s2s.go:140.2,140.33 1 0
netguard-pg-backend/internal/infrastructure/repositories/pg/readers/rule_s2s.go:140.33,141.85 1 0
netguard-pg-backend/internal/infrastructure/repositories/pg/readers/rule_s2s.go:141.85,143.4 1 0
netguard-pg-backend/internal/infrastructure/repositories/pg/readers/rule_s2s.go:146.2,146.21 1 0
netguard-pg-backend/internal/infrastructure/repositories/pg/readers/rule_s2s.go:150.71,177.16 10 0
netguard-pg-backend/internal/infrastructure/repositories/pg/readers/rule_s2s.go:177.16,179.3 1 0
netguard-pg-backend/internal/infrastructure/repositories/pg/readers/rule_s2s.go:182.2,183.16 2 0
netguard-pg-backend/internal/infrastructure/repositories/pg/readers/rule_s2s.go:183.16,185.3 1 0
netguard-pg-backend/internal/infrastructure/repositories/pg/readers/rule_s2s.go:187.2,192.34 4 0
netguard-pg-backend/internal/infrastructure/repositories/pg/readers/rule_s2s.go:192.34,193.87 1 0
netguard-pg-backend/internal/infrastructure/repositories/pg/readers/rule_s2s.go:193.87,195.4 1 0
netguard-pg-backend/internal/infrastructure/repositories/pg/readers/rule_s2s.go:198.2,198.29 1 0
netguard-pg-backend/internal/infrastructure/repositories/pg/readers/rule_s2s.go:198.29,199.77 1 0
netguard-pg-backend/internal/infrastructure/repositories/pg/readers/rule_s2s.go:199.77,201.4 1 0
netguard-pg-backend/internal/infrastructure/repositories/pg/readers/rule_s2s.go:205.2,205.33 1 0
netguard-pg-backend/internal/infrastructure/repositories/pg/readers/rule_s2s.go:205.33,206.85 1 0
netguard-pg-backend/internal/infrastructure/repositories/pg/readers/rule_s2s.go:206.85,208.4 1 0
netguard-pg-backend/internal/infrastructure/repositories/pg/readers/rule_s2s.go:211.2,211.22 1 0
netguard-pg-backend/internal/infrastructure/repositories/pg/readers/service.go:34.113,48.23 4 0
netguard-pg-backend/internal/infrastructure/repositories/pg/readers/service.go:48.23,50.3 1 0
netguard-pg-backend/internal/infrastructure/repositories/pg/readers/service.go:50.8,52.3 1 0
netguard-pg-backend/internal/infrastructure/repositories/pg/readers/service.go:54.2,59.52 5 0
netguard-pg-backend/internal/infrastructure/repositories/pg/readers/service.go:59.52,61.17 2 0
netguard-pg-backend/internal/infrastructure/repositories/pg/readers/service.go:61.17,62.9 1 0
netguard-pg-backend/internal/infrastructure/repositories/pg/readers/service.go:65.3,65.75 1 0
netguard-pg-backend/internal/infrastructure/repositories/pg/readers/service.go:65.75,67.12 2 0
netguard-pg-backend/internal/infrastructure/repositories/pg/readers/service.go:70.3,70.54 1 0
netguard-pg-backend/internal/infrastructure/repositories/pg/readers/service.go:72.2,74.18 2 0
netguard-pg-backend/internal/infrastructure/repositories/pg/readers/service.go:74.18,76.17 2 0
netguard-pg-backend/internal/infrastructure/repositories/pg/readers/service.go:76.17,78.4 1 0
netguard-pg-backend/internal/infrastructure/repositories/pg/readers/service.go:80.3,80.42 1 0
netguard-pg-backend/internal/infrastructure/repositories/pg/readers/service.go:80.42,82.4 1 0
netguard-pg-backend/internal/infrastructure/repositories/pg/readers/service.go:85.2,85.19 1 0
netguard-pg-backend/internal/infrastructure/repositories/pg/readers/service.go:89.109,103.52 5 0
netguard-pg-backend/internal/infrastructure/repositories/pg/readers/service.go:103.52,106.17 3 0
netguard-pg-backend/internal/infrastructure/repositories/pg/readers/service.go:106.17,107.9 1 0
netguard-pg-backend/internal/infrastructure/repositories/pg/readers/service.go:110.3,110.75 1 0
netguard-pg-backend/internal/infrastructure/repositories/pg/readers/service.go:110.75,112.12 2 0
netguard-pg-backend/internal/infrastructure/repositories/pg/readers/service.go:115.3,115.36 1 0
netguard-pg-backend/internal/infrastructure/repositories/pg/readers/service.go:115.36,117.4 1 0
netguard-pg-backend/internal/infrastructure/repositories/pg/readers/service.go:118.3,118.57 1 0
netguard-pg-backend/internal/infrastructure/repositories/pg/readers/service.go:121.2,121.21 1 0
netguard-pg-backend/internal/infrastructure/repositories/pg/readers/service.go:125.69,147.16 8 0
netguard-pg-backend/internal/infrastructure/repositories/pg/readers/service.go:147.16,149.3 1 0
netguard-pg-backend/internal/infrastructure/repositories/pg/readers/service.go:152.2,153.16 2 0
netguard-pg-backend/internal/infrastructure/repositories/pg/readers/service.go:153.16,155.3 1 0
netguard-pg-backend/internal/infrastructure/repositories/pg/readers/service.go:158.2,158.99 1 0
netguard-pg-backend/internal/infrastructure/repositories/pg/readers/service.go:158.99,160.68 2 0
netguard-pg-backend/internal/infrastructure/repositories/pg/readers/service.go:160.68,162.4 1 0
netguard-pg-backend/internal/infrastructure/repositories/pg/readers/service.go:163.3,164.30 2 0
netguard-pg-backend/internal/infrastructure/repositories/pg/readers/service.go:164.30,167.4 1 0
netguard-pg-backend/internal/infrastructure/repositories/pg/readers/service.go:171.2,171.129 1 0
netguard-pg-backend/internal/infrastructure/repositories/pg/readers/service.go:171.129,173.86 2 0
netguard-pg-backend/internal/infrastructure/repositories/pg/readers/service.go:173.86,175.4 1 0
netguard-pg-backend/internal/infrastructure/repositories/pg/readers/service.go:176.3,177.38 2 0
netguard-pg-backend/internal/infrastructure/repositories/pg/readers/service.go:177.38,186.4 2 0
netguard-pg-backend/internal/infrastructure/repositories/pg/readers/service.go:190.2,191.16 2 0
netguard-pg-backend/internal/infrastructure/repositories/pg/readers/service.go:191.16,193.3 1 0
netguard-pg-backend/internal/infrastructure/repositories/pg/readers/service.go:196.2,198.21 2 0
netguard-pg-backend/internal/infrastructure/repositories/pg/readers/service.go:202.71,224.16 8 0
netguard-pg-backend/internal/infrastructure/repositories/pg/readers/service.go:224.16,226.3 1 0
netguard-pg-backend/internal/infrastructure/repositories/pg/readers/service.go:229.2,230.16 2 0
netguard-pg-backend/internal/infrastructure/repositories/pg/readers/service.go:230.16,232.3 1 0
netguard-pg-backend/internal/infrastructure/repositories/pg/readers/service.go:235.2,235.99 1 0
netguard-pg-backend/internal/infrastructure/repositories/pg/readers/service.go:235.99,237.68 2 0
netguard-pg-backend/internal/infrastructure/repositories/pg/readers/service.go:237.68,239.4 1 0
netguard-pg-backend/internal/infrastructure/repositories/pg/readers/service.go:240.3,241.30 2 0
netguard-pg-backend/internal/infrastructure/repositories/pg/readers/service.go:241.30,244.4 1 0
netguard-pg-backend/internal/infrastructure/repositories/pg/readers/service.go:248.2,248.129 1 0
netguard-pg-backend/internal/infrastructure/repositories/pg/readers/service.go:248.129,250.86 2 0
netguard-pg-backend/internal/infrastructure/repositories/pg/readers/service.go:250.86,252.4 1 0
netguard-pg-backend/internal/infrastructure/repositories/pg/readers/service.go:253.3,254.38 2 0
netguard-pg-backend/internal/infrastructure/repositories/pg/readers/service.go:254.38,261.4 2 0
netguard-pg-backend/internal/infrastructure/repositories/pg/readers/service.go:265.2,266.16 2 0
netguard-pg-backend/internal/infrastructure/repositories/pg/readers/service.go:266.16,268.3 1 0
netguard-pg-backend/internal/infrastructure/repositories/pg/readers/service.go:271.2,273.22 2 0
netguard-pg-backend/internal/infrastructure/repositories/pg/readers/service_alias.go:17.124,30.23 4 0
netguard-pg-backend/internal/infrastructure/repositories/pg/readers/service_alias.go:30.23,32.3 1 0
netguard-pg-backend/internal/infrastructure/repositories/pg/readers/service_alias.go:32.8,34.3 1 0
netguard-pg-backend/internal/infrastructure/repositories/pg/readers/service_alias.go:36.2,39.16 3 0
netguard-pg-backend/internal/infrastructure/repositories/pg/readers/service_alias.go:39.16,41.3 1 0
netguard-pg-backend/internal/infrastructure/repositories/pg/readers/service_alias.go:42.2,44.18 2 0
netguard-pg-backend/internal/infrastructure/repositories/pg/readers/service_alias.go:44.18,46.17 2 0
netguard-pg-backend/internal/infrastructure/repositories/pg/readers/service_alias.go:46.17,48.4 1 0
netguard-pg-backend/internal/infrastructure/repositories/pg/readers/service_alias.go:50.3,50.47 1 0
netguard-pg-backend/internal/infrastructure/repositories/pg/readers/service_alias.go:50.47,52.4 1 0
netguard-pg-backend/internal/infrastructure/repositories/pg/readers/service_alias.go:55.2,55.19 1 0
netguard-pg-backend/internal/infrastructure/repositories/pg/readers/service_alias.go:59.119,71.16 4 0
netguard-pg-backend/internal/infrastructure/repositories/pg/readers/service_alias.go:71.16,72.36 1 0
netguard-pg-backend/internal/infrastructure/repositories/pg/readers/service_alias.go:72.36,74.4 1 0
netguard-pg-backend/internal/infrastructure/repositories/pg/readers/service_alias.go:75.3,75.63 1 0
netguard-pg-backend/internal/infrastructure/repositories/pg/readers/service_alias.go:78.2,78.26 1 0
netguard-pg-backend/internal/infrastructure/repositories/pg/readers/service_alias.go:82.79,101.16 7 0
netguard-pg-backend/internal/infrastructure/repositories/pg/readers/service_alias.go:101.16,103.3 1 0
netguard-pg-backend/internal/infrastructure/repositories/pg/readers/service_alias.go:106.2,107.16 2 0
netguard-pg-backend/internal/infrastructure/repositories/pg/readers/service_alias.go:107.16,109.3 1 0
netguard-pg-backend/internal/infrastructure/repositories/pg/readers/service_alias.go:112.2,117.26 3 0
netguard-pg-backend/internal/infrastructure/repositories/pg/readers/service_alias.go:121.81,140.16 7 0
netguard-pg-backend/internal/infrastructure/repositories/pg/readers/service_alias.go:140.16,142.3 1 0
netguard-pg-backend/internal/infrastructure/repositories/pg/readers/service_alias.go:145.2,146.16 2 0
netguard-pg-backend/internal/infrastructure/repositories/pg/readers/service_alias.go:146.16,148.3 1 0
netguard-pg-backend/internal/infrastructure/repositories/pg/readers/service_alias.go:151.2,156.27 3 0
netguard-pg-backend/internal/infrastructure/repositories/pg/readers/shared_utils.go:17.97,18.21 1 0
netguard-pg-backend/internal/infrastructure/repositories/pg/readers/shared_utils.go:18.21,20.3 1 0
netguard-pg-backend/internal/infrastructure/repositories/pg/readers/shared_utils.go:22.2,22.27 1 0
netguard-pg-backend/internal/infrastructure/repositories/pg/readers/shared_utils.go:23.37,24.30 1 0
netguard-pg-backend/internal/infrastructure/repositories/pg/readers/shared_utils.go:24.30,26.4 1 0
netguard-pg-backend/internal/infrastructure/repositories/pg/readers/shared_utils.go:29.3,33.36 4 0
netguard-pg-backend/internal/infrastructure/repositories/pg/readers/shared_utils.go:33.36,39.4 4 0
netguard-pg-backend/internal/infrastructure/repositories/pg/readers/shared_utils.go:41.3,41.60 1 0
netguard-pg-backend/internal/infrastructure/repositories/pg/readers/shared_utils.go:43.10,45.17 1 0
netguard-pg-backend/internal/infrastructure/repositories/pg/readers/shared_utils.go:50.91,51.32 1 0
netguard-pg-backend/internal/infrastructure/repositories/pg/readers/shared_utils.go:51.32,53.3 1 0
netguard-pg-backend/internal/infrastructure/repositories/pg/readers/shared_utils.go:55.2,61.65 2 0
netguard-pg-backend/internal/infrastructure/repositories/pg/readers/shared_utils.go:61.65,63.3 1 0
netguard-pg-backend/internal/infrastructure/repositories/pg/readers/shared_utils.go:65.2,66.26 2 0
netguard-pg-backend/internal/infrastructure/repositories/pg/readers/shared_utils.go:66.26,72.3 1 0
netguard-pg-backend/internal/infrastructure/repositories/pg/readers/shared_utils.go:74.2,74.20 1 0
netguard-pg-backend/internal/infrastructure/repositories/pg/readers/shared_utils.go:78.169,85.16 3 0
netguard-pg-backend/internal/infrastructure/repositories/pg/readers/shared_utils.go:85.16,87.3 1 0
netguard-pg-backend/internal/infrastructure/repositories/pg/readers/shared_utils.go:88.2,92.29 3 0
netguard-pg-backend/internal/infrastructure/repositories/pg/readers/shared_utils.go:92.29,94.69 2 0
netguard-pg-backend/internal/infrastructure/repositories/pg/readers/shared_utils.go:94.69,96.4 1 0
netguard-pg-backend/internal/infrastructure/repositories/pg/readers/shared_utils.go:97.3,97.31 1 0
netguard-pg-backend/internal/infrastructure/repositories/pg/readers/shared_utils.go:101.2,104.18 2 0
netguard-pg-backend/internal/infrastructure/repositories/pg/readers/shared_utils.go:108.127,111.25 2 0
netguard-pg-backend/internal/infrastructure/repositories/pg/readers/shared_utils.go:111.25,112.61 1 0
netguard-pg-backend/internal/infrastructure/repositories/pg/readers/shared_utils.go:112.61,114.4 1 0
netguard-pg-backend/internal/infrastructure/repositories/pg/readers/shared_utils.go:117.2,117.30 1 0
netguard-pg-backend/internal/infrastructure/repositories/pg/readers/shared_utils.go:117.30,118.71 1 0
netguard-pg-backend/internal/infrastructure/repositories/pg/readers/shared_utils.go:118.71,120.4 1 0
netguard-pg-backend/internal/infrastructure/repositories/pg/readers/shared_utils.go:123.2,123.33 1 0
netguard-pg-backend/internal/infrastructure/repositories/pg/readers/shared_utils.go:127.91,128.32 1 0
netguard-pg-backend/internal/infrastructure/repositories/pg/readers/shared_utils.go:128.32,130.3 1 0
netguard-pg-backend/internal/infrastructure/repositories/pg/readers/shared_utils.go:132.2,133.65 2 0
netguard-pg-backend/internal/infrastructure/repositories/pg/readers/shared_utils.go:133.65,135.3 1 0
netguard-pg-backend/internal/infrastructure/repositories/pg/readers/shared_utils.go:137.2,137.19 1 0
netguard-pg-backend/internal/infrastructure/repositories/pg/readers/sync_status.go:14.81,21.16 5 0
netguard-pg-backend/internal/infrastructure/repositories/pg/readers/sync_status.go:21.16,22.36 1 0
netguard-pg-backend/internal/infrastructure/repositories/pg/readers/sync_status.go:22.36,24.4 1 0
netguard-pg-backend/internal/infrastructure/repositories/pg/readers/sync_status.go:25.3,25.61 1 0
netguard-pg-backend/internal/infrastructure/repositories/pg/readers/sync_status.go:28.2,28.25 1 0
netguard-pg-backend/internal/infrastructure/repositories/pg/writers/address_group.go:22.141,24.27 2 0
netguard-pg-backend/internal/infrastructure/repositories/pg/writers/address_group.go:24.27,25.54 1 0
netguard-pg-backend/internal/infrastructure/repositories/pg/writers/address_group.go:25.54,27.9 2 0
netguard-pg-backend/internal/infrastructure/repositories/pg/writers/address_group.go:31.2,31.21 1 0
netguard-pg-backend/internal/infrastructure/repositories/pg/writers/address_group.go:31.21,35.10 1 0
netguard-pg-backend/internal/infrastructure/repositories/pg/writers/address_group.go:35.10,38.18 2 0
netguard-pg-backend/internal/infrastructure/repositories/pg/writers/address_group.go:38.18,40.5 1 0
netguard-pg-backend/internal/infrastructure/repositories/pg/writers/address_group.go:41.4,44.29 3 0
netguard-pg-backend/internal/infrastructure/repositories/pg/writers/address_group.go:44.29,45.57 1 0
netguard-pg-backend/internal/infrastructure/repositories/pg/writers/address_group.go:45.57,47.6 1 0
netguard-pg-backend/internal/infrastructure/repositories/pg/writers/address_group.go:49.4,49.100 1 0
netguard-pg-backend/internal/infrastructure/repositories/pg/writers/address_group.go:49.100,51.5 1 0
netguard-pg-backend/internal/infrastructure/repositories/pg/writers/address_group.go:53.4,53.47 1 0
netguard-pg-backend/internal/infrastructure/repositories/pg/writers/address_group.go:53.47,55.5 1 0
netguard-pg-backend/internal/infrastructure/repositories/pg/writers/address_group.go:56.4,56.14 1 0
netguard-pg-backend/internal/infrastructure/repositories/pg/writers/address_group.go:58.3,58.70 1 0
netguard-pg-backend/internal/infrastructure/repositories/pg/writers/address_group.go:61.2,61.31 1 0
netguard-pg-backend/internal/infrastructure/repositories/pg/writers/address_group.go:61.31,62.38 1 0
netguard-pg-backend/internal/infrastructure/repositories/pg/writers/address_group.go:62.38,64.4 1 0
netguard-pg-backend/internal/infrastructure/repositories/pg/writers/address_group.go:66.3,66.69 1 0
netguard-pg-backend/internal/infrastructure/repositories/pg/writers/address_group.go:66.69,68.4 1 0
netguard-pg-backend/internal/infrastructure/repositories/pg/writers/address_group.go:71.2,71.12 1 0
netguard-pg-backend/internal/infrastructure/repositories/pg/writers/address_group.go:75.88,78.16 2 0
netguard-pg-backend/internal/infrastructure/repositories/pg/writers/address_group.go:78.16,80.3 1 0
netguard-pg-backend/internal/infrastructure/repositories/pg/writers/address_group.go:82.2,83.16 2 0
netguard-pg-backend/internal/infrastructure/repositories/pg/writers/address_group.go:83.16,85.3 1 0
netguard-pg-backend/internal/infrastructure/repositories/pg/writers/address_group.go:88.2,92.40 5 0
netguard-pg-backend/internal/infrastructure/repositories/pg/writers/address_group.go:92.40,94.3 1 0
netguard-pg-backend/internal/infrastructure/repositories/pg/writers/address_group.go:96.2,98.21 3 0
netguard-pg-backend/internal/infrastructure/repositories/pg/writers/address_group.go:98.21,100.3 1 0
netguard-pg-backend/internal/infrastructure/repositories/pg/writers/address_group.go:102.2,103.31 2 0
netguard-pg-backend/internal/infrastructure/repositories/pg/writers/address_group.go:103.31,105.3 1 0
netguard-pg-backend/internal/infrastructure/repositories/pg/writers/address_group.go:107.2,107.57 1 0
netguard-pg-backend/internal/infrastructure/repositories/pg/writers/address_group.go:107.57,109.3 1 0
netguard-pg-backend/internal/infrastructure/repositories/pg/writers/address_group.go:109.8,111.17 2 0
netguard-pg-backend/internal/infrastructure/repositories/pg/writers/address_group.go:111.17,113.4 1 0
netguard-pg-backend/internal/infrastructure/repositories/pg/writers/address_group.go:117.2,119.18 3 0
netguard-pg-backend/internal/infrastructure/repositories/pg/writers/address_group.go:119.18,121.3 1 0
netguard-pg-backend/internal/infrastructure/repositories/pg/writers/address_group.go:122.2,123.16 2 0
netguard-pg-backend/internal/infrastructure/repositories/pg/writers/address_group.go:123.16,125.3 1 0
netguard-pg-backend/internal/infrastructure/repositories/pg/writers/address_group.go:127.2,128.35 2 0
netguard-pg-backend/internal/infrastructure/repositories/pg/writers/address_group.go:128.35,136.17 3 0
netguard-pg-backend/internal/infrastructure/repositories/pg/writers/address_group.go:136.17,138.4 1 0
netguard-pg-backend/internal/infrastructure/repositories/pg/writers/address_group.go:139.8,146.17 3 0
netguard-pg-backend/internal/infrastructure/repositories/pg/writers/address_group.go:146.17,148.4 1 0
netguard-pg-backend/internal/infrastructure/repositories/pg/writers/address_group.go:152.2,173.16 2 0
netguard-pg-backend/internal/infrastructure/repositories/pg/writers/address_group.go:173.16,175.3 1 0
netguard-pg-backend/internal/infrastructure/repositories/pg/writers/address_group.go:180.2,180.65 1 0
netguard-pg-backend/internal/infrastructure/repositories/pg/writers/address_group.go:180.65,182.3 1 0
netguard-pg-backend/internal/infrastructure/repositories/pg/writers/address_group.go:184.2,184.12 1 0
netguard-pg-backend/internal/infrastructure/repositories/pg/writers/address_group.go:188.91,189.21 1 0
netguard-pg-backend/internal/infrastructure/repositories/pg/writers/address_group.go:189.21,191.3 1 0
netguard-pg-backend/internal/infrastructure/repositories/pg/writers/address_group.go:193.2,194.23 2 0
netguard-pg-backend/internal/infrastructure/repositories/pg/writers/address_group.go:194.23,196.3 1 0
netguard-pg-backend/internal/infrastructure/repositories/pg/writers/address_group.go:198.2,200.52 2 0
netguard-pg-backend/internal/infrastructure/repositories/pg/writers/address_group.go:200.52,202.3 1 0
netguard-pg-backend/internal/infrastructure/repositories/pg/writers/address_group.go:204.2,204.12 1 0
netguard-pg-backend/internal/infrastructure/repositories/pg/writers/address_group.go:208.119,209.27 1 0
netguard-pg-backend/internal/infrastructure/repositories/pg/writers/address_group.go:209.27,211.3 1 0
netguard-pg-backend/internal/infrastructure/repositories/pg/writers/address_group.go:214.2,218.33 4 0
netguard-pg-backend/internal/infrastructure/repositories/pg/writers/address_group.go:218.33,222.3 3 0
netguard-pg-backend/internal/infrastructure/repositories/pg/writers/address_group.go:225.2,235.16 4 0
netguard-pg-backend/internal/infrastructure/repositories/pg/writers/address_group.go:235.16,237.3 1 0
netguard-pg-backend/internal/infrastructure/repositories/pg/writers/address_group.go:240.2,244.52 2 0
netguard-pg-backend/internal/infrastructure/repositories/pg/writers/address_group.go:244.52,246.3 1 0
netguard-pg-backend/internal/infrastructure/repositories/pg/writers/address_group.go:248.2,248.12 1 0
netguard-pg-backend/internal/infrastructure/repositories/pg/writers/address_group.go:252.150,255.27 2 0
netguard-pg-backend/internal/infrastructure/repositories/pg/writers/address_group.go:255.27,256.51 1 0
netguard-pg-backend/internal/infrastructure/repositories/pg/writers/address_group.go:256.51,258.9 2 0
netguard-pg-backend/internal/infrastructure/repositories/pg/writers/address_group.go:263.2,263.55 1 0
netguard-pg-backend/internal/infrastructure/repositories/pg/writers/address_group.go:263.55,264.73 1 0
netguard-pg-backend/internal/infrastructure/repositories/pg/writers/address_group.go:264.73,266.4 1 0
netguard-pg-backend/internal/infrastructure/repositories/pg/writers/address_group.go:269.2,269.16 1 0
netguard-pg-backend/internal/infrastructure/repositories/pg/writers/address_group.go:270.27,272.36 2 0
netguard-pg-backend/internal/infrastructure/repositories/pg/writers/address_group.go:272.36,274.4 1 0
netguard-pg-backend/internal/infrastructure/repositories/pg/writers/address_group.go:275.3,275.85 1 0
netguard-pg-backend/internal/infrastructure/repositories/pg/writers/address_group.go:275.85,277.4 1 0
netguard-pg-backend/internal/infrastructure/repositories/pg/writers/address_group.go:278.50,279.27 1 0
netguard-pg-backend/internal/infrastructure/repositories/pg/writers/address_group.go:279.27,280.34 1 0
netguard-pg-backend/internal/infrastructure/repositories/pg/writers/address_group.go:280.34,282.5 1 0
netguard-pg-backend/internal/infrastructure/repositories/pg/writers/address_group.go:284.4,284.72 1 0
netguard-pg-backend/internal/infrastructure/repositories/pg/writers/address_group.go:284.72,286.5 1 0
netguard-pg-backend/internal/infrastructure/repositories/pg/writers/address_group.go:288.10,289.75 1 0
netguard-pg-backend/internal/infrastructure/repositories/pg/writers/address_group.go:292.2,292.12 1 0
netguard-pg-backend/internal/infrastructure/repositories/pg/writers/address_group.go:296.107,298.16 2 0
netguard-pg-backend/internal/infrastructure/repositories/pg/writers/address_group.go:298.16,300.3 1 0
netguard-pg-backend/internal/infrastructure/repositories/pg/writers/address_group.go:302.2,303.16 2 0
netguard-pg-backend/internal/infrastructure/repositories/pg/writers/address_group.go:303.16,305.3 1 0
netguard-pg-backend/internal/infrastructure/repositories/pg/writers/address_group.go:308.2,313.35 5 0
netguard-pg-backend/internal/infrastructure/repositories/pg/writers/address_group.go:313.35,320.17 3 0
netguard-pg-backend/internal/infrastructure/repositories/pg/writers/address_group.go:320.17,322.4 1 0
netguard-pg-backend/internal/infrastructure/repositories/pg/writers/address_group.go:323.8,330.17 3 0
netguard-pg-backend/internal/infrastructure/repositories/pg/writers/address_group.go:330.17,332.4 1 0
netguard-pg-backend/internal/infrastructure/repositories/pg/writers/address_group.go:336.2,354.16 2 0
netguard-pg-backend/internal/infrastructure/repositories/pg/writers/address_group.go:354.16,356.3 1 0
netguard-pg-backend/internal/infrastructure/repositories/pg/writers/address_group.go:358.2,358.12 1 0
netguard-pg-backend/internal/infrastructure/repositories/pg/writers/address_group.go:362.98,363.21 1 0
netguard-pg-backend/internal/infrastructure/repositories/pg/writers/address_group.go:363.21,365.3 1 0
netguard-pg-backend/internal/infrastructure/repositories/pg/writers/address_group.go:367.2,368.23 2 0
netguard-pg-backend/internal/infrastructure/repositories/pg/writers/address_group.go:368.23,370.3 1 0
netguard-pg-backend/internal/infrastructure/repositories/pg/writers/address_group.go:372.2,375.52 2 0
netguard-pg-backend/internal/infrastructure/repositories/pg/writers/address_group.go:375.52,377.3 1 0
netguard-pg-backend/internal/infrastructure/repositories/pg/writers/address_group.go:379.2,379.12 1 0
netguard-pg-backend/internal/infrastructure/repositories/pg/writers/address_group.go:383.126,384.27 1 0
netguard-pg-backend/internal/infrastructure/repositories/pg/writers/address_group.go:384.27,386.3 1 0
netguard-pg-backend/internal/infrastructure/repositories/pg/writers/address_group.go:389.2,393.33 4 0
netguard-pg-backend/internal/infrastructure/repositories/pg/writers/address_group.go:393.33,397.3 3 0
netguard-pg-backend/internal/infrastructure/repositories/pg/writers/address_group.go:400.2,410.16 4 0
netguard-pg-backend/internal/infrastructure/repositories/pg/writers/address_group.go:410.16,413.3 1 0
netguard-pg-backend/internal/infrastructure/repositories/pg/writers/address_group.go:416.2,420.52 2 0
netguard-pg-backend/internal/infrastructure/repositories/pg/writers/address_group.go:420.52,422.3 1 0
netguard-pg-backend/internal/infrastructure/repositories/pg/writers/address_group.go:424.2,424.12 1 0
netguard-pg-backend/internal/infrastructure/repositories/pg/writers/address_group.go:428.158,430.22 1 0
netguard-pg-backend/internal/infrastructure/repositories/pg/writers/address_group.go:430.22,431.77 1 0
netguard-pg-backend/internal/infrastructure/repositories/pg/writers/address_group.go:431.77,433.4 1 0
netguard-pg-backend/internal/infrastructure/repositories/pg/writers/address_group.go:437.2,437.26 1 0
netguard-pg-backend/internal/infrastructure/repositories/pg/writers/address_group.go:437.26,438.33 1 0
netguard-pg-backend/internal/infrastructure/repositories/pg/writers/address_group.go:438.33,440.4 1 0
netguard-pg-backend/internal/infrastructure/repositories/pg/writers/address_group.go:442.3,442.75 1 0
netguard-pg-backend/internal/infrastructure/repositories/pg/writers/address_group.go:442.75,444.4 1 0
netguard-pg-backend/internal/infrastructure/repositories/pg/writers/address_group.go:447.2,447.12 1 0
netguard-pg-backend/internal/infrastructure/repositories/pg/writers/address_group.go:451.115,454.16 2 0
netguard-pg-backend/internal/infrastructure/repositories/pg/writers/address_group.go:454.16,456.3 1 0
netguard-pg-backend/internal/infrastructure/repositories/pg/writers/address_group.go:459.2,460.16 2 0
netguard-pg-backend/internal/infrastructure/repositories/pg/writers/address_group.go:460.16,462.3 1 0
netguard-pg-backend/internal/infrastructure/repositories/pg/writers/address_group.go:464.2,465.16 2 0
netguard-pg-backend/internal/infrastructure/repositories/pg/writers/address_group.go:465.16,467.3 1 0
netguard-pg-backend/internal/infrastructure/repositories/pg/writers/address_group.go:470.2,475.35 5 0
netguard-pg-backend/internal/infrastructure/repositories/pg/writers/address_group.go:475.35,483.17 3 0
netguard-pg-backend/internal/infrastructure/repositories/pg/writers/address_group.go:483.17,485.4 1 0
netguard-pg-backend/internal/infrastructure/repositories/pg/writers/address_group.go:486.8,493.17 3 0
netguard-pg-backend/internal/infrastructure/repositories/pg/writers/address_group.go:493.17,495.4 1 0
netguard-pg-backend/internal/infrastructure/repositories/pg/writers/address_group.go:499.2,511.16 2 0
netguard-pg-backend/internal/infrastructure/repositories/pg/writers/address_group.go:511.16,513.3 1 0
netguard-pg-backend/internal/infrastructure/repositories/pg/writers/address_group.go:515.2,515.12 1 0
netguard-pg-backend/internal/infrastructure/repositories/pg/writers/address_group.go:519.102,520.21 1 0
netguard-pg-backend/internal/infrastructure/repositories/pg/writers/address_group.go:520.21,522.3 1 0
netguard-pg-backend/internal/infrastructure/repositories/pg/writers/address_group.go:524.2,525.23 2 0
netguard-pg-backend/internal/infrastructure/repositories/pg/writers/address_group.go:525.23,527.3 1 0
netguard-pg-backend/internal/infrastructure/repositories/pg/writers/address_group.go:529.2,532.52 2 0
netguard-pg-backend/internal/infrastructure/repositories/pg/writers/address_group.go:532.52,534.3 1 0
netguard-pg-backend/internal/infrastructure/repositories/pg/writers/address_group.go:536.2,536.12 1 0
netguard-pg-backend/internal/infrastructure/repositories/pg/writers/address_group.go:540.130,541.27 1 0
netguard-pg-backend/internal/infrastructure/repositories/pg/writers/address_group.go:541.27,543.3 1 0
netguard-pg-backend/internal/infrastructure/repositories/pg/writers/address_group.go:546.2,550.33 4 0
netguard-pg-backend/internal/infrastructure/repositories/pg/writers/address_group.go:550.33,554.3 3 0
netguard-pg-backend/internal/infrastructure/repositories/pg/writers/address_group.go:557.2,567.16 4 0
netguard-pg-backend/internal/infrastructure/repositories/pg/writers/address_group.go:567.16,570.3 1 0
netguard-pg-backend/internal/infrastructure/repositories/pg/writers/address_group.go:573.2,577.52 2 0
netguard-pg-backend/internal/infrastructure/repositories/pg/writers/address_group.go:577.52,579.3 1 0
netguard-pg-backend/internal/infrastructure/repositories/pg/writers/address_group.go:581.2,581.12 1 0
netguard-pg-backend/internal/infrastructure/repositories/pg/writers/address_group.go:585.163,587.22 1 0
netguard-pg-backend/internal/infrastructure/repositories/pg/writers/address_group.go:587.22,588.80 1 0
netguard-pg-backend/internal/infrastructure/repositories/pg/writers/address_group.go:588.80,590.4 1 0
netguard-pg-backend/internal/infrastructure/repositories/pg/writers/address_group.go:593.2,593.26 1 0
netguard-pg-backend/internal/infrastructure/repositories/pg/writers/address_group.go:593.26,594.33 1 0
netguard-pg-backend/internal/infrastructure/repositories/pg/writers/address_group.go:594.33,596.4 1 0
netguard-pg-backend/internal/infrastructure/repositories/pg/writers/address_group.go:598.3,598.77 1 0
netguard-pg-backend/internal/infrastructure/repositories/pg/writers/address_group.go:598.77,600.4 1 0
netguard-pg-backend/internal/infrastructure/repositories/pg/writers/address_group.go:603.2,603.12 1 0
netguard-pg-backend/internal/infrastructure/repositories/pg/writers/address_group.go:607.118,610.16 2 0
netguard-pg-backend/internal/infrastructure/repositories/pg/writers/address_group.go:610.16,612.3 1 0
netguard-pg-backend/internal/infrastructure/repositories/pg/writers/address_group.go:614.2,615.16 2 0
netguard-pg-backend/internal/infrastructure/repositories/pg/writers/address_group.go:615.16,617.3 1 0
netguard-pg-backend/internal/infrastructure/repositories/pg/writers/address_group.go:620.2,625.35 5 0
netguard-pg-backend/internal/infrastructure/repositories/pg/writers/address_group.go:625.35,633.17 3 0
netguard-pg-backend/internal/infrastructure/repositories/pg/writers/address_group.go:633.17,635.4 1 0
netguard-pg-backend/internal/infrastructure/repositories/pg/writers/address_group.go:636.8,643.17 3 0
netguard-pg-backend/internal/infrastructure/repositories/pg/writers/address_group.go:643.17,645.4 1 0
netguard-pg-backend/internal/infrastructure/repositories/pg/writers/address_group.go:648.2,649.16 2 0
netguard-pg-backend/internal/infrastructure/repositories/pg/writers/address_group.go:649.16,651.3 1 0
netguard-pg-backend/internal/infrastructure/repositories/pg/writers/address_group.go:653.2,654.16 2 0
netguard-pg-backend/internal/infrastructure/repositories/pg/writers/address_group.go:654.16,656.3 1 0
netguard-pg-backend/internal/infrastructure/repositories/pg/writers/address_group.go:659.2,673.16 2 0
netguard-pg-backend/internal/infrastructure/repositories/pg/writers/address_group.go:673.16,675.3 1 0
netguard-pg-backend/internal/infrastructure/repositories/pg/writers/address_group.go:677.2,677.12 1 0
netguard-pg-backend/internal/infrastructure/repositories/pg/writers/address_group.go:681.105,682.21 1 0
netguard-pg-backend/internal/infrastructure/repositories/pg/writers/address_group.go:682.21,684.3 1 0
netguard-pg-backend/internal/infrastructure/repositories/pg/writers/address_group.go:686.2,687.23 2 0
netguard-pg-backend/internal/infrastructure/repositories/pg/writers/address_group.go:687.23,689.3 1 0
netguard-pg-backend/internal/infrastructure/repositories/pg/writers/address_group.go:691.2,694.52 2 0
netguard-pg-backend/internal/infrastructure/repositories/pg/writers/address_group.go:694.52,696.3 1 0
netguard-pg-backend/internal/infrastructure/repositories/pg/writers/address_group.go:698.2,698.12 1 0
netguard-pg-backend/internal/infrastructure/repositories/pg/writers/address_group.go:702.125,704.2 1 0
netguard-pg-backend/internal/infrastructure/repositories/pg/writers/address_group.go:706.132,708.2 1 0
netguard-pg-backend/internal/infrastructure/repositories/pg/writers/address_group.go:710.136,712.2 1 0
[...]
netguard-pg-backend/internal/infrastructure/repositories/mem/mem-writer.go:1051.34,1054.31 2 0
netguard-pg-backend/internal/infrastructure/repositories/mem/mem-writer.go:1054.31,1057.7 1 0
netguard-pg-backend/internal/infrastructure/repositories/mem/mem-writer.go:1061.5,1062.36 2 0
netguard-pg-backend/internal/infrastructure/repositories/mem/mem-writer.go:1062.36,1064.6 1 0
netguard-pg-backend/internal/infrastructure/repositories/mem/mem-writer.go:1066.9,1069.4 1 0
netguard-pg-backend/internal/infrastructure/repositories/mem/mem-writer.go:1072.3,1072.36 1 0
netguard-pg-backend/internal/infrastructure/repositories/mem/mem-writer.go:1072.36,1073.53 1 0
netguard-pg-backend/internal/infrastructure/repositories/mem/mem-writer.go:1073.53,1074.41 1 0
netguard-pg-backend/internal/infrastructure/repositories/mem/mem-writer.go:1074.41,1076.6 1 0
netguard-pg-backend/internal/infrastructure/repositories/mem/mem-writer.go:1077.5,1077.31 1 0
netguard-pg-backend/internal/infrastructure/repositories/mem/mem-writer.go:1077.31,1079.6 1 0
netguard-pg-backend/internal/infrastructure/repositories/mem/mem-writer.go:1081.4,1082.39 2 0
netguard-pg-backend/internal/infrastructure/repositories/mem/mem-writer.go:1085.27,1087.36 1 0
netguard-pg-backend/internal/infrastructure/repositories/mem/mem-writer.go:1087.36,1088.53 1 0
netguard-pg-backend/internal/infrastructure/repositories/mem/mem-writer.go:1088.53,1089.41 1 0
netguard-pg-backend/internal/infrastructure/repositories/mem/mem-writer.go:1089.41,1091.6 1 0
netguard-pg-backend/internal/infrastructure/repositories/mem/mem-writer.go:1092.5,1092.31 1 0
netguard-pg-backend/internal/infrastructure/repositories/mem/mem-writer.go:1092.31,1094.6 1 0
netguard-pg-backend/internal/infrastructure/repositories/mem/mem-writer.go:1096.4,1097.39 2 0
netguard-pg-backend/internal/infrastructure/repositories/mem/mem-writer.go:1100.27,1102.36 1 0
netguard-pg-backend/internal/infrastructure/repositories/mem/mem-writer.go:1102.36,1104.4 1 0
netguard-pg-backend/internal/infrastructure/repositories/mem/mem-writer.go:1107.2,1107.12 1 0
netguard-pg-backend/internal/infrastructure/repositories/mem/mem-writer.go:1110.140,1115.27 2 0
netguard-pg-backend/internal/infrastructure/repositories/mem/mem-writer.go:1115.27,1116.43 1 0
netguard-pg-backend/internal/infrastructure/repositories/mem/mem-writer.go:1116.43,1118.4 1 0
netguard-pg-backend/internal/infrastructure/repositories/mem/mem-writer.go:1122.2,1122.30 1 0
netguard-pg-backend/internal/infrastructure/repositories/mem/mem-writer.go:1122.30,1125.56 2 0
netguard-pg-backend/internal/infrastructure/repositories/mem/mem-writer.go:1125.56,1127.4 1 0
netguard-pg-backend/internal/infrastructure/repositories/mem/mem-writer.go:1131.2,1131.16 1 0
netguard-pg-backend/internal/infrastructure/repositories/mem/mem-writer.go:1132.29,1134.39 1 0
netguard-pg-backend/internal/infrastructure/repositories/mem/mem-writer.go:1134.39,1136.78 1 0
netguard-pg-backend/internal/infrastructure/repositories/mem/mem-writer.go:1136.78,1142.40 3 0
netguard-pg-backend/internal/infrastructure/repositories/mem/mem-writer.go:1142.40,1144.6 1 0
netguard-pg-backend/internal/infrastructure/repositories/mem/mem-writer.go:1147.5,1147.41 1 0
netguard-pg-backend/internal/infrastructure/repositories/mem/mem-writer.go:1147.41,1150.31 2 0
netguard-pg-backend/internal/infrastructure/repositories/mem/mem-writer.go:1150.31,1153.7 1 0
netguard-pg-backend/internal/infrastructure/repositories/mem/mem-writer.go:1157.5,1158.36 2 0
netguard-pg-backend/internal/infrastructure/repositories/mem/mem-writer.go:1158.36,1160.6 1 0
netguard-pg-backend/internal/infrastructure/repositories/mem/mem-writer.go:1162.9,1165.4 1 0
netguard-pg-backend/internal/infrastructure/repositories/mem/mem-writer.go:1168.3,1168.36 1 0
netguard-pg-backend/internal/infrastructure/repositories/mem/mem-writer.go:1168.36,1169.60 1 0
netguard-pg-backend/internal/infrastructure/repositories/mem/mem-writer.go:1169.60,1170.41 1 0
netguard-pg-backend/internal/infrastructure/repositories/mem/mem-writer.go:1170.41,1172.6 1 0
netguard-pg-backend/internal/infrastructure/repositories/mem/mem-writer.go:1173.5,1173.31 1 0
netguard-pg-backend/internal/infrastructure/repositories/mem/mem-writer.go:1173.31,1175.6 1 0
netguard-pg-backend/internal/infrastructure/repositories/mem/mem-writer.go:1177.4,1178.46 2 0
netguard-pg-backend/internal/infrastructure/repositories/mem/mem-writer.go:1181.27,1183.36 1 0
netguard-pg-backend/internal/infrastructure/repositories/mem/mem-writer.go:1183.36,1184.60 1 0
netguard-pg-backend/internal/infrastructure/repositories/mem/mem-writer.go:1184.60,1185.41 1 0
netguard-pg-backend/internal/infrastructure/repositories/mem/mem-writer.go:1185.41,1187.6 1 0
netguard-pg-backend/internal/infrastructure/repositories/mem/mem-writer.go:1188.5,1188.31 1 0
netguard-pg-backend/internal/infrastructure/repositories/mem/mem-writer.go:1188.31,1190.6 1 0
netguard-pg-backend/internal/infrastructure/repositories/mem/mem-writer.go:1192.4,1193.46 2 0
netguard-pg-backend/internal/infrastructure/repositories/mem/mem-writer.go:1196.27,1198.36 1 0
netguard-pg-backend/internal/infrastructure/repositories/mem/mem-writer.go:1198.36,1200.4 1 0
netguard-pg-backend/internal/infrastructure/repositories/mem/mem-writer.go:1203.2,1203.12 1 0
netguard-pg-backend/internal/infrastructure/repositories/mem/mem-writer.go:1206.120,1208.23 1 0
netguard-pg-backend/internal/infrastructure/repositories/mem/mem-writer.go:1208.23,1211.49 2 0
netguard-pg-backend/internal/infrastructure/repositories/mem/mem-writer.go:1211.49,1213.4 1 0
netguard-pg-backend/internal/infrastructure/repositories/mem/mem-writer.go:1217.2,1217.25 1 0
netguard-pg-backend/internal/infrastructure/repositories/mem/mem-writer.go:1217.25,1219.3 1 0
netguard-pg-backend/internal/infrastructure/repositories/mem/mem-writer.go:1221.2,1221.12 1 0
netguard-pg-backend/internal/infrastructure/repositories/mem/mem-writer.go:1224.127,1226.30 1 0
netguard-pg-backend/internal/infrastructure/repositories/mem/mem-writer.go:1226.30,1229.56 2 0
netguard-pg-backend/internal/infrastructure/repositories/mem/mem-writer.go:1229.56,1231.4 1 0
netguard-pg-backend/internal/infrastructure/repositories/mem/mem-writer.go:1235.2,1235.25 1 0
netguard-pg-backend/internal/infrastructure/repositories/mem/mem-writer.go:1235.25,1237.3 1 0
netguard-pg-backend/internal/infrastructure/repositories/mem/mem-writer.go:1239.2,1239.12 1 0
netguard-pg-backend/internal/infrastructure/repositories/mem/mem-writer.go:1242.117,1247.27 2 0
netguard-pg-backend/internal/infrastructure/repositories/mem/mem-writer.go:1247.27,1248.43 1 0
netguard-pg-backend/internal/infrastructure/repositories/mem/mem-writer.go:1248.43,1250.4 1 0
netguard-pg-backend/internal/infrastructure/repositories/mem/mem-writer.go:1254.2,1254.20 1 0
netguard-pg-backend/internal/infrastructure/repositories/mem/mem-writer.go:1254.20,1257.46 2 0
netguard-pg-backend/internal/infrastructure/repositories/mem/mem-writer.go:1257.46,1259.4 1 0
netguard-pg-backend/internal/infrastructure/repositories/mem/mem-writer.go:1263.2,1263.16 1 0
netguard-pg-backend/internal/infrastructure/repositories/mem/mem-writer.go:1264.29,1266.39 1 0
netguard-pg-backend/internal/infrastructure/repositories/mem/mem-writer.go:1266.39,1268.78 1 0
netguard-pg-backend/internal/infrastructure/repositories/mem/mem-writer.go:1268.78,1274.40 3 0
netguard-pg-backend/internal/infrastructure/repositories/mem/mem-writer.go:1274.40,1276.6 1 0
netguard-pg-backend/internal/infrastructure/repositories/mem/mem-writer.go:1279.5,1279.31 1 0
netguard-pg-backend/internal/infrastructure/repositories/mem/mem-writer.go:1279.31,1282.28 2 0
netguard-pg-backend/internal/infrastructure/repositories/mem/mem-writer.go:1282.28,1285.7 1 0
netguard-pg-backend/internal/infrastructure/repositories/mem/mem-writer.go:1289.5,1290.33 2 0
netguard-pg-backend/internal/infrastructure/repositories/mem/mem-writer.go:1290.33,1292.6 1 0
netguard-pg-backend/internal/infrastructure/repositories/mem/mem-writer.go:1294.9,1297.4 1 0
netguard-pg-backend/internal/infrastructure/repositories/mem/mem-writer.go:1300.3,1300.30 1 0
netguard-pg-backend/internal/infrastructure/repositories/mem/mem-writer.go:1300.30,1301.47 1 0
netguard-pg-backend/internal/infrastructure/repositories/mem/mem-writer.go:1301.47,1302.38 1 0
netguard-pg-backend/internal/infrastructure/repositories/mem/mem-writer.go:1302.38,1304.6 1 0
netguard-pg-backend/internal/infrastructure/repositories/mem/mem-writer.go:1305.5,1305.28 1 0
netguard-pg-backend/internal/infrastructure/repositories/mem/mem-writer.go:1305.28,1307.6 1 0
netguard-pg-backend/internal/infrastructure/repositories/mem/mem-writer.go:1309.4,1310.30 2 0
netguard-pg-backend/internal/infrastructure/repositories/mem/mem-writer.go:1313.27,1315.30 1 0
netguard-pg-backend/internal/infrastructure/repositories/mem/mem-writer.go:1315.30,1316.47 1 0
netguard-pg-backend/internal/infrastructure/repositories/mem/mem-writer.go:1316.47,1317.38 1 0
netguard-pg-backend/internal/infrastructure/repositories/mem/mem-writer.go:1317.38,1319.6 1 0
netguard-pg-backend/internal/infrastructure/repositories/mem/mem-writer.go:1320.5,1320.28 1 0
netguard-pg-backend/internal/infrastructure/repositories/mem/mem-writer.go:1320.28,1322.6 1 0
netguard-pg-backend/internal/infrastructure/repositories/mem/mem-writer.go:1324.4,1325.30 2 0
netguard-pg-backend/internal/infrastructure/repositories/mem/mem-writer.go:1328.27,1330.30 1 0
netguard-pg-backend/internal/infrastructure/repositories/mem/mem-writer.go:1330.30,1332.4 1 0
netguard-pg-backend/internal/infrastructure/repositories/mem/mem-writer.go:1335.2,1335.12 1 0
netguard-pg-backend/internal/infrastructure/repositories/mem/mem-writer.go:1338.138,1343.27 2 0
netguard-pg-backend/internal/infrastructure/repositories/mem/mem-writer.go:1343.27,1344.43 1 0
netguard-pg-backend/internal/infrastructure/repositories/mem/mem-writer.go:1344.43,1346.4 1 0
netguard-pg-backend/internal/infrastructure/repositories/mem/mem-writer.go:1350.2,1350.27 1 0
netguard-pg-backend/internal/infrastructure/repositories/mem/mem-writer.go:1350.27,1353.53 2 0
netguard-pg-backend/internal/infrastructure/repositories/mem/mem-writer.go:1353.53,1355.4 1 0
netguard-pg-backend/internal/infrastructure/repositories/mem/mem-writer.go:1359.2,1359.16 1 0
netguard-pg-backend/internal/infrastructure/repositories/mem/mem-writer.go:1360.29,1362.39 1 0
netguard-pg-backend/internal/infrastructure/repositories/mem/mem-writer.go:1362.39,1364.78 1 0
netguard-pg-backend/internal/infrastructure/repositories/mem/mem-writer.go:1364.78,1370.40 3 0
netguard-pg-backend/internal/infrastructure/repositories/mem/mem-writer.go:1370.40,1372.6 1 0
netguard-pg-backend/internal/infrastructure/repositories/mem/mem-writer.go:1375.5,1375.38 1 0
netguard-pg-backend/internal/infrastructure/repositories/mem/mem-writer.go:1375.38,1378.31 2 0
netguard-pg-backend/internal/infrastructure/repositories/mem/mem-writer.go:1378.31,1381.7 1 0
netguard-pg-backend/internal/infrastructure/repositories/mem/mem-writer.go:1385.5,1386.40 2 0
netguard-pg-backend/internal/infrastructure/repositories/mem/mem-writer.go:1386.40,1388.6 1 0
netguard-pg-backend/internal/infrastructure/repositories/mem/mem-writer.go:1390.9,1393.4 1 0
netguard-pg-backend/internal/infrastructure/repositories/mem/mem-writer.go:1396.3,1396.44 1 0
netguard-pg-backend/internal/infrastructure/repositories/mem/mem-writer.go:1396.44,1397.61 1 0
netguard-pg-backend/internal/infrastructure/repositories/mem/mem-writer.go:1397.61,1398.45 1 0
netguard-pg-backend/internal/infrastructure/repositories/mem/mem-writer.go:1398.45,1400.6 1 0
netguard-pg-backend/internal/infrastructure/repositories/mem/mem-writer.go:1401.5,1401.35 1 0
netguard-pg-backend/internal/infrastructure/repositories/mem/mem-writer.go:1401.35,1403.6 1 0
netguard-pg-backend/internal/infrastructure/repositories/mem/mem-writer.go:1405.4,1406.51 2 0
netguard-pg-backend/internal/infrastructure/repositories/mem/mem-writer.go:1409.27,1411.44 1 0
netguard-pg-backend/internal/infrastructure/repositories/mem/mem-writer.go:1411.44,1412.61 1 0
netguard-pg-backend/internal/infrastructure/repositories/mem/mem-writer.go:1412.61,1413.45 1 0
netguard-pg-backend/internal/infrastructure/repositories/mem/mem-writer.go:1413.45,1415.6 1 0
netguard-pg-backend/internal/infrastructure/repositories/mem/mem-writer.go:1416.5,1416.35 1 0
netguard-pg-backend/internal/infrastructure/repositories/mem/mem-writer.go:1416.35,1418.6 1 0
netguard-pg-backend/internal/infrastructure/repositories/mem/mem-writer.go:1420.4,1421.51 2 0
netguard-pg-backend/internal/infrastructure/repositories/mem/mem-writer.go:1424.27,1426.44 1 0
netguard-pg-backend/internal/infrastructure/repositories/mem/mem-writer.go:1426.44,1428.4 1 0
netguard-pg-backend/internal/infrastructure/repositories/mem/mem-writer.go:1431.2,1431.12 1 0
netguard-pg-backend/internal/infrastructure/repositories/mem/mem-writer.go:1434.117,1436.20 1 0
netguard-pg-backend/internal/infrastructure/repositories/mem/mem-writer.go:1436.20,1439.46 2 0
netguard-pg-backend/internal/infrastructure/repositories/mem/mem-writer.go:1439.46,1441.4 1 0
netguard-pg-backend/internal/infrastructure/repositories/mem/mem-writer.go:1445.2,1445.25 1 0
netguard-pg-backend/internal/infrastructure/repositories/mem/mem-writer.go:1445.25,1447.3 1 0
netguard-pg-backend/internal/infrastructure/repositories/mem/mem-writer.go:1449.2,1449.12 1 0
netguard-pg-backend/internal/infrastructure/repositories/mem/mem-writer.go:1452.124,1454.27 1 0
netguard-pg-backend/internal/infrastructure/repositories/mem/mem-writer.go:1454.27,1457.53 2 0
netguard-pg-backend/internal/infrastructure/repositories/mem/mem-writer.go:1457.53,1459.4 1 0
netguard-pg-backend/internal/infrastructure/repositories/mem/mem-writer.go:1463.2,1463.25 1 0
netguard-pg-backend/internal/infrastructure/repositories/mem/mem-writer.go:1463.25,1465.3 1 0
netguard-pg-backend/internal/infrastructure/repositories/mem/mem-writer.go:1467.2,1467.12 1 0
netguard-pg-backend/internal/infrastructure/repositories/mem/mem-writer.go:1470.26,1483.2 12 1
netguard-pg-backend/internal/infrastructure/repositories/mem/meta_utils.go:11.37,12.14 1 1
netguard-pg-backend/internal/infrastructure/repositories/mem/meta_utils.go:12.14,14.3 1 0
netguard-pg-backend/internal/infrastructure/repositories/mem/meta_utils.go:15.2,15.17 1 1
netguard-pg-backend/internal/infrastructure/repositories/mem/meta_utils.go:15.17,17.3 1 1
netguard-pg-backend/internal/infrastructure/repositories/mem/meta_utils.go:18.2,18.29 1 1
netguard-pg-backend/internal/infrastructure/repositories/mem/meta_utils.go:18.29,20.3 1 1
netguard-pg-backend/internal/infrastructure/repositories/mem/meta_utils.go:21.2,21.23 1 1
netguard-pg-backend/internal/infrastructure/repositories/mem/meta_utils.go:21.23,23.3 1 1
netguard-pg-backend/internal/infrastructure/repositories/db.go:39.36,41.2 1 0
netguard-pg-backend/internal/infrastructure/repositories/outbox_repository.go:35.71,37.2 1 0
netguard-pg-backend/internal/infrastructure/repositories/outbox_repository.go:41.92,73.26 2 0
netguard-pg-backend/internal/infrastructure/repositories/outbox_repository.go:73.26,75.3 1 0
netguard-pg-backend/internal/infrastructure/repositories/outbox_repository.go:78.2,79.30 2 0
netguard-pg-backend/internal/infrastructure/repositories/outbox_repository.go:79.30,81.3 1 0
netguard-pg-backend/internal/infrastructure/repositories/outbox_repository.go:82.2,82.30 1 0
netguard-pg-backend/internal/infrastructure/repositories/outbox_repository.go:82.30,84.3 1 0
netguard-pg-backend/internal/infrastructure/repositories/outbox_repository.go:87.2,95.16 2 0
netguard-pg-backend/internal/infrastructure/repositories/outbox_repository.go:95.16,97.3 1 0
netguard-pg-backend/internal/infrastructure/repositories/outbox_repository.go:99.2,99.12 1 0
netguard-pg-backend/internal/infrastructure/repositories/outbox_repository.go:103.104,124.26 4 0
netguard-pg-backend/internal/infrastructure/repositories/outbox_repository.go:124.26,126.3 1 0
netguard-pg-backend/internal/infrastructure/repositories/outbox_repository.go:127.2,127.16 1 0
netguard-pg-backend/internal/infrastructure/repositories/outbox_repository.go:127.16,129.3 1 0
netguard-pg-backend/internal/infrastructure/repositories/outbox_repository.go:131.2,131.19 1 0
netguard-pg-backend/internal/infrastructure/repositories/outbox_repository.go:135.141,149.16 3 0
netguard-pg-backend/internal/infrastructure/repositories/outbox_repository.go:149.16,151.3 1 0
netguard-pg-backend/internal/infrastructure/repositories/outbox_repository.go:152.2,155.18 3 0
netguard-pg-backend/internal/infrastructure/repositories/outbox_repository.go:155.18,164.17 3 0
netguard-pg-backend/internal/infrastructure/repositories/outbox_repository.go:164.17,166.4 1 0
netguard-pg-backend/internal/infrastructure/repositories/outbox_repository.go:167.3,167.35 1 0
netguard-pg-backend/internal/infrastructure/repositories/outbox_repository.go:170.2,170.23 1 0
netguard-pg-backend/internal/infrastructure/repositories/outbox_repository.go:170.23,172.3 1 0
netguard-pg-backend/internal/infrastructure/repositories/outbox_repository.go:174.2,174.21 1 0
netguard-pg-backend/internal/infrastructure/repositories/outbox_repository.go:179.106,196.16 3 0
netguard-pg-backend/internal/infrastructure/repositories/outbox_repository.go:196.16,198.3 1 0
netguard-pg-backend/internal/infrastructure/repositories/outbox_repository.go:199.2,202.18 3 0
netguard-pg-backend/internal/infrastructure/repositories/outbox_repository.go:202.18,211.17 3 0
netguard-pg-backend/internal/infrastructure/repositories/outbox_repository.go:211.17,213.4 1 0
netguard-pg-backend/internal/infrastructure/repositories/outbox_repository.go:214.3,214.35 1 0
netguard-pg-backend/internal/infrastructure/repositories/outbox_repository.go:217.2,217.23 1 0
netguard-pg-backend/internal/infrastructure/repositories/outbox_repository.go:217.23,219.3 1 0
netguard-pg-backend/internal/infrastructure/repositories/outbox_repository.go:221.2,221.21 1 0
netguard-pg-backend/internal/infrastructure/repositories/outbox_repository.go:226.78,236.16 4 0
netguard-pg-backend/internal/infrastructure/repositories/outbox_repository.go:236.16,238.3 1 0
netguard-pg-backend/internal/infrastructure/repositories/outbox_repository.go:240.2,240.19 1 0
netguard-pg-backend/internal/infrastructure/repositories/outbox_repository.go:251.9,264.16 3 0
netguard-pg-backend/internal/infrastructure/repositories/outbox_repository.go:264.16,266.3 1 0
netguard-pg-backend/internal/infrastructure/repositories/outbox_repository.go:268.2,268.32 1 0
netguard-pg-backend/internal/infrastructure/repositories/outbox_repository.go:268.32,270.3 1 0
netguard-pg-backend/internal/infrastructure/repositories/outbox_repository.go:272.2,272.12 1 0
netguard-pg-backend/internal/infrastructure/repositories/outbox_repository.go:276.114,287.16 3 0
netguard-pg-backend/internal/infrastructure/repositories/outbox_repository.go:287.16,289.3 1 0
netguard-pg-backend/internal/infrastructure/repositories/outbox_repository.go:291.2,291.32 1 0
netguard-pg-backend/internal/infrastructure/repositories/outbox_repository.go:291.32,293.3 1 0
netguard-pg-backend/internal/infrastructure/repositories/outbox_repository.go:295.2,295.12 1 0
netguard-pg-backend/internal/infrastructure/repositories/outbox_repository.go:299.79,303.16 3 0
netguard-pg-backend/internal/infrastructure/repositories/outbox_repository.go:303.16,305.3 1 0
netguard-pg-backend/internal/infrastructure/repositories/outbox_repository.go:307.2,307.32 1 0
netguard-pg-backend/internal/infrastructure/repositories/outbox_repository.go:307.32,309.3 1 0
netguard-pg-backend/internal/infrastructure/repositories/outbox_repository.go:311.2,311.12 1 0
netguard-pg-backend/internal/infrastructure/repositories/outbox_repository.go:315.112,325.16 4 0
netguard-pg-backend/internal/infrastructure/repositories/outbox_repository.go:325.16,327.3 1 0
netguard-pg-backend/internal/infrastructure/repositories/outbox_repository.go:329.2,329.35 1 0
